2025-02-24 03:20:03,558 INFO o.a.j.u.JMeterUtils: Setting Locale to en_EN
2025-02-24 03:20:03,570 INFO o.a.j.JMeter: Loading user properties from: user-csv.properties
2025-02-24 03:20:03,570 INFO o.a.j.JMeter: Loading system properties from: system.properties
2025-02-24 03:20:03,570 INFO o.a.j.JMeter: Setting System property: server_port=1099
2025-02-24 03:20:03,570 INFO o.a.j.JMeter: Setting System property: server_port=1099
2025-02-24 03:20:03,570 INFO o.a.j.JMeter: Setting System property: server.rmi.localport=1099
2025-02-24 03:20:03,570 INFO o.a.j.JMeter: Setting System property: java.rmi.server.hostname=10.17.18.162
2025-02-24 03:20:03,571 INFO o.a.j.JMeter: Setting JMeter property: server.rmi.ssl.disable=true
2025-02-24 03:20:03,575 INFO o.a.j.JMeter: Copyright (c) 1998-2019 The Apache Software Foundation
2025-02-24 03:20:03,575 INFO o.a.j.JMeter: Version 5.1.1 r1855137
2025-02-24 03:20:03,575 INFO o.a.j.JMeter: java.version=1.8.0_342
2025-02-24 03:20:03,575 INFO o.a.j.JMeter: java.vm.name=OpenJDK 64-Bit Server VM
2025-02-24 03:20:03,575 INFO o.a.j.JMeter: os.name=Linux
2025-02-24 03:20:03,576 INFO o.a.j.JMeter: os.arch=amd64
2025-02-24 03:20:03,576 INFO o.a.j.JMeter: os.version=5.4.0-200-generic
2025-02-24 03:20:03,576 INFO o.a.j.JMeter: file.encoding=UTF-8
2025-02-24 03:20:03,576 INFO o.a.j.JMeter: java.awt.headless=true
2025-02-24 03:20:03,576 INFO o.a.j.JMeter: Max memory     =10737418240
2025-02-24 03:20:03,576 INFO o.a.j.JMeter: Available Processors =8
2025-02-24 03:20:03,579 INFO o.a.j.JMeter: Default Locale=English (EN)
2025-02-24 03:20:03,580 INFO o.a.j.JMeter: JMeter  Locale=English (EN)
2025-02-24 03:20:03,580 INFO o.a.j.JMeter: JMeterHome=/opt/jmeter/apache-jmeter-5.1.1
2025-02-24 03:20:03,580 INFO o.a.j.JMeter: user.dir  =/opt/jmeter/apache-jmeter-5.1.1/bin
2025-02-24 03:20:03,580 INFO o.a.j.JMeter: PWD       =/opt/jmeter/apache-jmeter-5.1.1/bin
2025-02-24 03:20:03,580 INFO o.a.j.JMeter: IP: 172.17.0.4 Name: 6e3f94e5bf29 FullName: 6e3f94e5bf29
2025-02-24 03:20:03,585 INFO o.a.j.r.RmiUtils: Disabling SSL for RMI as server.rmi.ssl.disable is set to 'true'
2025-02-24 03:20:03,586 INFO o.a.j.r.RmiUtils: Disabling SSL for RMI as server.rmi.ssl.disable is set to 'true'
2025-02-24 03:20:03,622 INFO o.a.j.e.RemoteJMeterEngineImpl: Starting backing engine on 1099
2025-02-24 03:20:03,622 INFO o.a.j.r.RmiUtils: Resolving by name the value of System property 'java.rmi.server.hostname': 10.17.18.162
2025-02-24 03:20:03,622 INFO o.a.j.r.RmiUtils: Local IP address=10.17.18.162
2025-02-24 03:20:03,622 INFO o.a.j.e.RemoteJMeterEngineImpl: IP address is a site-local address; this may cause problems with remote access.
	Can be overridden by defining the system property 'java.rmi.server.hostname' - see jmeter-server script file
2025-02-24 03:20:03,622 INFO o.a.j.e.RemoteJMeterEngineImpl: Creating RMI registry (server.rmi.create=true)
2025-02-24 03:20:03,622 INFO o.a.j.r.RmiUtils: Disabling SSL for RMI as server.rmi.ssl.disable is set to 'true'
2025-02-24 03:20:03,622 INFO o.a.j.r.RmiUtils: Disabling SSL for RMI as server.rmi.ssl.disable is set to 'true'
2025-02-24 03:20:03,624 INFO o.a.j.e.RemoteJMeterEngineImpl: Bound to RMI registry on port 1099
