2025-02-19 00:03:28,320 INFO o.a.j.u.JMeterUtils: Setting Locale to en_EN
2025-02-19 00:03:28,337 INFO o.a.j.JMeter: Loading user properties from: user-csv.properties
2025-02-19 00:03:28,338 INFO o.a.j.JMeter: Loading system properties from: system.properties
2025-02-19 00:03:28,338 INFO o.a.j.JMeter: Loading additional properties from: /code/apache-jmeter-5.1.1/bin/user-csv.properties
2025-02-19 00:03:28,344 INFO o.a.j.JMeter: Copyright (c) 1998-2019 The Apache Software Foundation
2025-02-19 00:03:28,344 INFO o.a.j.JMeter: Version 5.1.1 r1855137
2025-02-19 00:03:28,344 INFO o.a.j.JMeter: java.version=1.8.0_401
2025-02-19 00:03:28,344 INFO o.a.j.JMeter: java.vm.name=Java HotSpot(TM) 64-Bit Server VM
2025-02-19 00:03:28,344 INFO o.a.j.JMeter: os.name=Linux
2025-02-19 00:03:28,344 INFO o.a.j.JMeter: os.arch=amd64
2025-02-19 00:03:28,344 INFO o.a.j.JMeter: os.version=5.4.0-200-generic
2025-02-19 00:03:28,344 INFO o.a.j.JMeter: file.encoding=UTF-8
2025-02-19 00:03:28,344 INFO o.a.j.JMeter: java.awt.headless=true
2025-02-19 00:03:28,344 INFO o.a.j.JMeter: Max memory     =10737418240
2025-02-19 00:03:28,344 INFO o.a.j.JMeter: Available Processors =8
2025-02-19 00:03:28,349 INFO o.a.j.JMeter: Default Locale=English (EN)
2025-02-19 00:03:28,349 INFO o.a.j.JMeter: JMeter  Locale=English (EN)
2025-02-19 00:03:28,349 INFO o.a.j.JMeter: JMeterHome=/code/apache-jmeter-5.1.1
2025-02-19 00:03:28,349 INFO o.a.j.JMeter: user.dir  =/code/apache-jmeter-5.1.1/bin
2025-02-19 00:03:28,349 INFO o.a.j.JMeter: PWD       =/code/apache-jmeter-5.1.1/bin
2025-02-19 00:03:28,352 ERROR o.a.j.u.JMeterUtils: Unable to get local host IP address.
java.net.UnknownHostException: 149ca95ddac6: 149ca95ddac6: Temporary failure in name resolution
	at java.net.InetAddress.getLocalHost(InetAddress.java:1525) ~[?:1.8.0_401]
	at org.apache.jmeter.util.JMeterUtils.getLocalHostDetails(JMeterUtils.java:1098) [ApacheJMeter_core.jar:5.1.1 r1855137]
	at org.apache.jmeter.util.JMeterUtils.getLocalHostIP(JMeterUtils.java:1064) [ApacheJMeter_core.jar:5.1.1 r1855137]
	at org.apache.jmeter.JMeter.start(JMeter.java:487) [ApacheJMeter_core.jar:5.1.1 r1855137]
	at sun.reflect.NativeMethodAccessorImpl.invoke0(Native Method) ~[?:1.8.0_401]
	at sun.reflect.NativeMethodAccessorImpl.invoke(NativeMethodAccessorImpl.java:62) ~[?:1.8.0_401]
	at sun.reflect.DelegatingMethodAccessorImpl.invoke(DelegatingMethodAccessorImpl.java:43) ~[?:1.8.0_401]
	at java.lang.reflect.Method.invoke(Method.java:498) ~[?:1.8.0_401]
	at org.apache.jmeter.NewDriver.main(NewDriver.java:253) [ApacheJMeter.jar:5.1.1 r1855137]
Caused by: java.net.UnknownHostException: 149ca95ddac6: Temporary failure in name resolution
	at java.net.Inet6AddressImpl.lookupAllHostAddr(Native Method) ~[?:1.8.0_401]
	at java.net.InetAddress$2.lookupAllHostAddr(InetAddress.java:929) ~[?:1.8.0_401]
	at java.net.InetAddress.getAddressesFromNameService(InetAddress.java:1343) ~[?:1.8.0_401]
	at java.net.InetAddress.getLocalHost(InetAddress.java:1520) ~[?:1.8.0_401]
	... 8 more
2025-02-19 00:03:28,363 ERROR o.a.j.u.JMeterUtils: Unable to get local host IP address.
java.net.UnknownHostException: 149ca95ddac6: 149ca95ddac6: Temporary failure in name resolution
	at java.net.InetAddress.getLocalHost(InetAddress.java:1525) ~[?:1.8.0_401]
	at org.apache.jmeter.util.JMeterUtils.getLocalHostDetails(JMeterUtils.java:1098) [ApacheJMeter_core.jar:5.1.1 r1855137]
	at org.apache.jmeter.util.JMeterUtils.getLocalHostName(JMeterUtils.java:1077) [ApacheJMeter_core.jar:5.1.1 r1855137]
	at org.apache.jmeter.JMeter.start(JMeter.java:487) [ApacheJMeter_core.jar:5.1.1 r1855137]
	at sun.reflect.NativeMethodAccessorImpl.invoke0(Native Method) ~[?:1.8.0_401]
	at sun.reflect.NativeMethodAccessorImpl.invoke(NativeMethodAccessorImpl.java:62) ~[?:1.8.0_401]
	at sun.reflect.DelegatingMethodAccessorImpl.invoke(DelegatingMethodAccessorImpl.java:43) ~[?:1.8.0_401]
	at java.lang.reflect.Method.invoke(Method.java:498) ~[?:1.8.0_401]
	at org.apache.jmeter.NewDriver.main(NewDriver.java:253) [ApacheJMeter.jar:5.1.1 r1855137]
Caused by: java.net.UnknownHostException: 149ca95ddac6: Temporary failure in name resolution
	at java.net.Inet6AddressImpl.lookupAllHostAddr(Native Method) ~[?:1.8.0_401]
	at java.net.InetAddress$2.lookupAllHostAddr(InetAddress.java:929) ~[?:1.8.0_401]
	at java.net.InetAddress.getAddressesFromNameService(InetAddress.java:1343) ~[?:1.8.0_401]
	at java.net.InetAddress.getLocalHost(InetAddress.java:1520) ~[?:1.8.0_401]
	... 8 more
2025-02-19 00:03:28,366 ERROR o.a.j.u.JMeterUtils: Unable to get local host IP address.
java.net.UnknownHostException: 149ca95ddac6: 149ca95ddac6: Temporary failure in name resolution
	at java.net.InetAddress.getLocalHost(InetAddress.java:1525) ~[?:1.8.0_401]
	at org.apache.jmeter.util.JMeterUtils.getLocalHostDetails(JMeterUtils.java:1098) [ApacheJMeter_core.jar:5.1.1 r1855137]
	at org.apache.jmeter.util.JMeterUtils.getLocalHostFullName(JMeterUtils.java:1090) [ApacheJMeter_core.jar:5.1.1 r1855137]
	at org.apache.jmeter.JMeter.start(JMeter.java:488) [ApacheJMeter_core.jar:5.1.1 r1855137]
	at sun.reflect.NativeMethodAccessorImpl.invoke0(Native Method) ~[?:1.8.0_401]
	at sun.reflect.NativeMethodAccessorImpl.invoke(NativeMethodAccessorImpl.java:62) ~[?:1.8.0_401]
	at sun.reflect.DelegatingMethodAccessorImpl.invoke(DelegatingMethodAccessorImpl.java:43) ~[?:1.8.0_401]
	at java.lang.reflect.Method.invoke(Method.java:498) ~[?:1.8.0_401]
	at org.apache.jmeter.NewDriver.main(NewDriver.java:253) [ApacheJMeter.jar:5.1.1 r1855137]
Caused by: java.net.UnknownHostException: 149ca95ddac6: Temporary failure in name resolution
	at java.net.Inet6AddressImpl.lookupAllHostAddr(Native Method) ~[?:1.8.0_401]
	at java.net.InetAddress$2.lookupAllHostAddr(InetAddress.java:929) ~[?:1.8.0_401]
	at java.net.InetAddress.getAddressesFromNameService(InetAddress.java:1343) ~[?:1.8.0_401]
	at java.net.InetAddress.getLocalHost(InetAddress.java:1520) ~[?:1.8.0_401]
	... 8 more
2025-02-19 00:03:28,367 INFO o.a.j.JMeter: IP: null Name: null FullName: null
2025-02-19 00:03:28,370 INFO o.a.j.s.FileServer: Default base='/code/apache-jmeter-5.1.1/bin'
2025-02-19 00:03:28,373 INFO o.a.j.s.FileServer: Set new base='/code/data/bplm/变更'
2025-02-19 00:03:28,529 INFO o.a.j.s.SaveService: Testplan (JMX) version: 2.2. Testlog (JTL) version: 2.2
2025-02-19 00:03:28,543 INFO o.a.j.s.SaveService: Using SaveService properties file encoding UTF-8
2025-02-19 00:03:28,549 INFO o.a.j.s.SaveService: Using SaveService properties version 5.0
2025-02-19 00:03:28,556 INFO o.a.j.s.SaveService: Loading file: /code/data/bplm/变更/添加零部件.jmx
2025-02-19 00:03:28,615 INFO o.a.j.p.h.c.CookieManager: Settings: Delete null: true Check: true Allow variable: true Save: false Prefix: COOKIE_
2025-02-19 00:03:28,648 INFO o.a.j.p.h.s.HTTPSamplerBase: Parser for text/html is org.apache.jmeter.protocol.http.parser.LagartoBasedHtmlParser
2025-02-19 00:03:28,648 INFO o.a.j.p.h.s.HTTPSamplerBase: Parser for application/xhtml+xml is org.apache.jmeter.protocol.http.parser.LagartoBasedHtmlParser
2025-02-19 00:03:28,648 INFO o.a.j.p.h.s.HTTPSamplerBase: Parser for application/xml is org.apache.jmeter.protocol.http.parser.LagartoBasedHtmlParser
2025-02-19 00:03:28,649 INFO o.a.j.p.h.s.HTTPSamplerBase: Parser for text/xml is org.apache.jmeter.protocol.http.parser.LagartoBasedHtmlParser
2025-02-19 00:03:28,649 INFO o.a.j.p.h.s.HTTPSamplerBase: Parser for text/vnd.wap.wml is org.apache.jmeter.protocol.http.parser.RegexpHTMLParser
2025-02-19 00:03:28,649 INFO o.a.j.p.h.s.HTTPSamplerBase: Parser for text/css is org.apache.jmeter.protocol.http.parser.CssParser
2025-02-19 00:03:28,684 INFO o.a.j.JMeter: Creating summariser <summary>
2025-02-19 00:03:28,692 INFO o.a.j.e.StandardJMeterEngine: Running the test!
2025-02-19 00:03:28,696 ERROR o.a.j.u.JMeterUtils: Unable to get local host IP address.
java.net.UnknownHostException: 149ca95ddac6: 149ca95ddac6: Temporary failure in name resolution
	at java.net.InetAddress.getLocalHost(InetAddress.java:1525) ~[?:1.8.0_401]
	at org.apache.jmeter.util.JMeterUtils.getLocalHostDetails(JMeterUtils.java:1098) [ApacheJMeter_core.jar:5.1.1 r1855137]
	at org.apache.jmeter.util.JMeterUtils.getLocalHostName(JMeterUtils.java:1077) [ApacheJMeter_core.jar:5.1.1 r1855137]
	at org.apache.jmeter.samplers.SampleEvent.<clinit>(SampleEvent.java:52) [ApacheJMeter_core.jar:5.1.1 r1855137]
	at org.apache.jmeter.engine.StandardJMeterEngine.run(StandardJMeterEngine.java:357) [ApacheJMeter_core.jar:5.1.1 r1855137]
	at java.lang.Thread.run(Thread.java:750) [?:1.8.0_401]
Caused by: java.net.UnknownHostException: 149ca95ddac6: Temporary failure in name resolution
	at java.net.Inet6AddressImpl.lookupAllHostAddr(Native Method) ~[?:1.8.0_401]
	at java.net.InetAddress$2.lookupAllHostAddr(InetAddress.java:929) ~[?:1.8.0_401]
	at java.net.InetAddress.getAddressesFromNameService(InetAddress.java:1343) ~[?:1.8.0_401]
	at java.net.InetAddress.getLocalHost(InetAddress.java:1520) ~[?:1.8.0_401]
	... 5 more
2025-02-19 00:03:28,697 INFO o.a.j.s.SampleEvent: List of sample_variables: []
2025-02-19 00:03:28,697 INFO o.a.j.s.SampleEvent: List of sample_variables: []
2025-02-19 00:03:28,705 INFO o.a.j.e.u.CompoundVariable: Note: Function class names must contain the string: '.functions.'
2025-02-19 00:03:28,705 INFO o.a.j.e.u.CompoundVariable: Note: Function class names must not contain the string: '.gui.'
2025-02-19 00:03:29,098 INFO o.a.j.JMeter: Running test (1739894609098)
2025-02-19 00:03:29,100 INFO o.a.j.e.StandardJMeterEngine: Starting setUp thread groups
2025-02-19 00:03:29,100 INFO o.a.j.e.StandardJMeterEngine: Starting setUp ThreadGroup: 1 : setUp线程组 
2025-02-19 00:03:29,100 INFO o.a.j.e.StandardJMeterEngine: Starting 1 threads for group setUp线程组.
2025-02-19 00:03:29,100 INFO o.a.j.e.StandardJMeterEngine: Thread will continue on error
2025-02-19 00:03:29,101 INFO o.a.j.t.ThreadGroup: Starting thread group... number=1 threads=1 ramp-up=1 delayedStart=false
2025-02-19 00:03:29,104 INFO o.a.j.t.ThreadGroup: Started thread group number 1
2025-02-19 00:03:29,104 INFO o.a.j.e.StandardJMeterEngine: Waiting for all setup thread groups to exit
2025-02-19 00:03:29,126 INFO o.a.j.t.JMeterThread: Thread started: setUp线程组 1-1
2025-02-19 00:03:29,127 INFO o.a.j.s.FileServer: Stored: /code/apache-jmeter-5.1.1/bin/../../data/test.txt
2025-02-19 00:03:29,129 INFO o.a.j.s.SampleResult: Note: Sample TimeStamps are START times
2025-02-19 00:03:29,129 INFO o.a.j.s.SampleResult: sampleresult.default.encoding is set to ISO-8859-1
2025-02-19 00:03:29,129 INFO o.a.j.s.SampleResult: sampleresult.useNanoTime=true
2025-02-19 00:03:29,129 INFO o.a.j.s.SampleResult: sampleresult.nanoThreadSleep=5000
2025-02-19 00:03:29,136 INFO o.a.j.t.JMeterThread: Thread is done: setUp线程组 1-1
2025-02-19 00:03:29,136 INFO o.a.j.t.JMeterThread: Thread finished: setUp线程组 1-1
2025-02-19 00:03:29,136 INFO o.a.j.e.StandardJMeterEngine: All Setup Threads have ended
2025-02-19 00:03:29,232 INFO o.a.j.e.StandardJMeterEngine: Starting ThreadGroup: 1 : 项目变更管理-查看变更-项目计划变更变更单详情（1000）*
2025-02-19 00:03:29,232 INFO o.a.j.e.StandardJMeterEngine: Starting 100 threads for group 项目变更管理-查看变更-项目计划变更变更单详情（1000）*.
2025-02-19 00:03:29,232 INFO o.a.j.e.StandardJMeterEngine: Thread will continue on error
2025-02-19 00:03:29,232 INFO k.a.j.t.AbstractSimpleThreadGroup: Starting thread group number 1 threads 100
2025-02-19 00:03:29,234 INFO o.a.j.t.JMeterThread: Thread started: 项目变更管理-查看变更-项目计划变更变更单详情（1000）* 1-1
2025-02-19 00:03:29,257 ERROR o.a.j.u.JMeterUtils: Unable to get local host IP address.
java.net.UnknownHostException: 149ca95ddac6: 149ca95ddac6: Temporary failure in name resolution
	at java.net.InetAddress.getLocalHost(InetAddress.java:1525) ~[?:1.8.0_401]
	at org.apache.jmeter.util.JMeterUtils.getLocalHostDetails(JMeterUtils.java:1098) [ApacheJMeter_core.jar:5.1.1 r1855137]
	at org.apache.jmeter.util.JMeterUtils.getLocalHostName(JMeterUtils.java:1077) [ApacheJMeter_core.jar:5.1.1 r1855137]
	at org.apache.jmeter.protocol.http.sampler.HTTPHCAbstractImpl.<clinit>(HTTPHCAbstractImpl.java:138) [ApacheJMeter_http.jar:5.1.1 r1855137]
	at org.apache.jmeter.protocol.http.sampler.HTTPSamplerFactory.getImplementation(HTTPSamplerFactory.java:97) [ApacheJMeter_http.jar:5.1.1 r1855137]
	at org.apache.jmeter.protocol.http.sampler.HTTPSamplerProxy.sample(HTTPSamplerProxy.java:62) [ApacheJMeter_http.jar:5.1.1 r1855137]
	at org.apache.jmeter.protocol.http.sampler.HTTPSamplerBase.sample(HTTPSamplerBase.java:1231) [ApacheJMeter_http.jar:5.1.1 r1855137]
	at org.apache.jmeter.protocol.http.sampler.HTTPSamplerBase.sample(HTTPSamplerBase.java:1220) [ApacheJMeter_http.jar:5.1.1 r1855137]
	at org.apache.jmeter.threads.JMeterThread.doSampling(JMeterThread.java:622) [ApacheJMeter_core.jar:5.1.1 r1855137]
	at org.apache.jmeter.threads.JMeterThread.executeSamplePackage(JMeterThread.java:546) [ApacheJMeter_core.jar:5.1.1 r1855137]
	at org.apache.jmeter.threads.JMeterThread.processSampler(JMeterThread.java:486) [ApacheJMeter_core.jar:5.1.1 r1855137]
	at org.apache.jmeter.threads.JMeterThread.run(JMeterThread.java:253) [ApacheJMeter_core.jar:5.1.1 r1855137]
	at java.lang.Thread.run(Thread.java:750) [?:1.8.0_401]
Caused by: java.net.UnknownHostException: 149ca95ddac6: Temporary failure in name resolution
	at java.net.Inet6AddressImpl.lookupAllHostAddr(Native Method) ~[?:1.8.0_401]
	at java.net.InetAddress$2.lookupAllHostAddr(InetAddress.java:929) ~[?:1.8.0_401]
	at java.net.InetAddress.getAddressesFromNameService(InetAddress.java:1343) ~[?:1.8.0_401]
	at java.net.InetAddress.getLocalHost(InetAddress.java:1520) ~[?:1.8.0_401]
	... 12 more
2025-02-19 00:03:29,257 INFO o.a.j.p.h.s.HTTPHCAbstractImpl: Local host = null
2025-02-19 00:03:29,267 INFO o.a.j.p.h.s.HTTPHC4Impl: HTTP request retry count = 0
2025-02-19 00:03:29,306 INFO k.a.j.t.AbstractSimpleThreadGroup: Started thread group number 1
2025-02-19 00:03:29,306 INFO o.a.j.e.StandardJMeterEngine: All thread groups have been started
2025-02-19 00:03:29,322 INFO o.a.j.p.h.s.h.LazyLayeredConnectionSocketFactory: Setting up HTTPS TrustAll Socket Factory
2025-02-19 00:03:29,327 INFO o.a.j.u.JsseSSLManager: Using default SSL protocol: TLS
2025-02-19 00:03:29,327 INFO o.a.j.u.JsseSSLManager: SSL session context: per-thread
2025-02-19 00:03:29,398 INFO o.a.j.t.JMeterThread: Thread started: 项目变更管理-查看变更-项目计划变更变更单详情（1000）* 1-2
2025-02-19 00:03:29,462 INFO o.a.j.u.SSLManager: JmeterKeyStore Location:  type JKS
2025-02-19 00:03:29,464 INFO o.a.j.u.SSLManager: KeyStore created OK
2025-02-19 00:03:29,465 WARN o.a.j.u.SSLManager: Keystore file not found, loading empty keystore
2025-02-19 00:03:29,565 INFO o.a.j.t.JMeterThread: Thread started: 项目变更管理-查看变更-项目计划变更变更单详情（1000）* 1-3
2025-02-19 00:03:29,730 INFO o.a.j.t.JMeterThread: Thread started: 项目变更管理-查看变更-项目计划变更变更单详情（1000）* 1-4
2025-02-19 00:03:29,897 INFO o.a.j.t.JMeterThread: Thread started: 项目变更管理-查看变更-项目计划变更变更单详情（1000）* 1-5
2025-02-19 00:03:30,065 INFO o.a.j.t.JMeterThread: Thread started: 项目变更管理-查看变更-项目计划变更变更单详情（1000）* 1-6
2025-02-19 00:03:30,228 INFO o.a.j.t.JMeterThread: Thread started: 项目变更管理-查看变更-项目计划变更变更单详情（1000）* 1-7
2025-02-19 00:03:30,395 INFO o.a.j.t.JMeterThread: Thread started: 项目变更管理-查看变更-项目计划变更变更单详情（1000）* 1-8
2025-02-19 00:03:30,560 INFO o.a.j.t.JMeterThread: Thread started: 项目变更管理-查看变更-项目计划变更变更单详情（1000）* 1-9
2025-02-19 00:03:30,727 INFO o.a.j.t.JMeterThread: Thread started: 项目变更管理-查看变更-项目计划变更变更单详情（1000）* 1-10
2025-02-19 00:03:30,893 INFO o.a.j.t.JMeterThread: Thread started: 项目变更管理-查看变更-项目计划变更变更单详情（1000）* 1-11
2025-02-19 00:03:31,058 INFO o.a.j.t.JMeterThread: Thread started: 项目变更管理-查看变更-项目计划变更变更单详情（1000）* 1-12
2025-02-19 00:03:31,224 INFO o.a.j.t.JMeterThread: Thread started: 项目变更管理-查看变更-项目计划变更变更单详情（1000）* 1-13
2025-02-19 00:03:31,390 INFO o.a.j.t.JMeterThread: Thread started: 项目变更管理-查看变更-项目计划变更变更单详情（1000）* 1-14
2025-02-19 00:03:31,556 INFO o.a.j.t.JMeterThread: Thread started: 项目变更管理-查看变更-项目计划变更变更单详情（1000）* 1-15
2025-02-19 00:03:31,723 INFO o.a.j.t.JMeterThread: Thread started: 项目变更管理-查看变更-项目计划变更变更单详情（1000）* 1-16
2025-02-19 00:03:31,747 INFO o.a.j.r.Summariser: summary +      3 in 00:00:03 =    1.1/s Avg:   814 Min:     4 Max:  2092 Err:     1 (33.33%) Active: 16 Started: 16 Finished: 0
2025-02-19 00:03:31,889 INFO o.a.j.t.JMeterThread: Thread started: 项目变更管理-查看变更-项目计划变更变更单详情（1000）* 1-17
2025-02-19 00:03:32,055 INFO o.a.j.t.JMeterThread: Thread started: 项目变更管理-查看变更-项目计划变更变更单详情（1000）* 1-18
2025-02-19 00:03:32,220 INFO o.a.j.t.JMeterThread: Thread started: 项目变更管理-查看变更-项目计划变更变更单详情（1000）* 1-19
2025-02-19 00:03:32,387 INFO o.a.j.t.JMeterThread: Thread started: 项目变更管理-查看变更-项目计划变更变更单详情（1000）* 1-20
2025-02-19 00:03:32,553 INFO o.a.j.t.JMeterThread: Thread started: 项目变更管理-查看变更-项目计划变更变更单详情（1000）* 1-21
2025-02-19 00:03:32,718 INFO o.a.j.t.JMeterThread: Thread started: 项目变更管理-查看变更-项目计划变更变更单详情（1000）* 1-22
2025-02-19 00:03:32,884 INFO o.a.j.t.JMeterThread: Thread started: 项目变更管理-查看变更-项目计划变更变更单详情（1000）* 1-23
2025-02-19 00:03:33,050 INFO o.a.j.t.JMeterThread: Thread started: 项目变更管理-查看变更-项目计划变更变更单详情（1000）* 1-24
2025-02-19 00:03:33,216 INFO o.a.j.t.JMeterThread: Thread started: 项目变更管理-查看变更-项目计划变更变更单详情（1000）* 1-25
2025-02-19 00:03:33,382 INFO o.a.j.t.JMeterThread: Thread started: 项目变更管理-查看变更-项目计划变更变更单详情（1000）* 1-26
2025-02-19 00:03:33,548 INFO o.a.j.t.JMeterThread: Thread started: 项目变更管理-查看变更-项目计划变更变更单详情（1000）* 1-27
2025-02-19 00:03:33,714 INFO o.a.j.t.JMeterThread: Thread started: 项目变更管理-查看变更-项目计划变更变更单详情（1000）* 1-28
2025-02-19 00:03:33,880 INFO o.a.j.t.JMeterThread: Thread started: 项目变更管理-查看变更-项目计划变更变更单详情（1000）* 1-29
2025-02-19 00:03:34,047 INFO o.a.j.t.JMeterThread: Thread started: 项目变更管理-查看变更-项目计划变更变更单详情（1000）* 1-30
2025-02-19 00:04:00,381 INFO o.a.j.r.Summariser: summary +    252 in 00:00:29 =    8.8/s Avg:   112 Min:     4 Max:  1696 Err:    11 (4.37%) Active: 30 Started: 30 Finished: 0
2025-02-19 00:04:00,381 INFO o.a.j.r.Summariser: summary =    255 in 00:00:31 =    8.2/s Avg:   121 Min:     4 Max:  2092 Err:    12 (4.71%)
2025-02-19 00:04:04,233 INFO o.a.j.t.JMeterThread: Thread started: 项目变更管理-查看变更-项目计划变更变更单详情（1000）* 1-31
2025-02-19 00:04:04,399 INFO o.a.j.t.JMeterThread: Thread started: 项目变更管理-查看变更-项目计划变更变更单详情（1000）* 1-32
2025-02-19 00:04:04,564 INFO o.a.j.t.JMeterThread: Thread started: 项目变更管理-查看变更-项目计划变更变更单详情（1000）* 1-33
2025-02-19 00:04:04,730 INFO o.a.j.t.JMeterThread: Thread started: 项目变更管理-查看变更-项目计划变更变更单详情（1000）* 1-34
2025-02-19 00:04:04,896 INFO o.a.j.t.JMeterThread: Thread started: 项目变更管理-查看变更-项目计划变更变更单详情（1000）* 1-35
2025-02-19 00:04:05,062 INFO o.a.j.t.JMeterThread: Thread started: 项目变更管理-查看变更-项目计划变更变更单详情（1000）* 1-36
2025-02-19 00:04:05,229 INFO o.a.j.t.JMeterThread: Thread started: 项目变更管理-查看变更-项目计划变更变更单详情（1000）* 1-37
2025-02-19 00:04:05,394 INFO o.a.j.t.JMeterThread: Thread started: 项目变更管理-查看变更-项目计划变更变更单详情（1000）* 1-38
2025-02-19 00:04:05,561 INFO o.a.j.t.JMeterThread: Thread started: 项目变更管理-查看变更-项目计划变更变更单详情（1000）* 1-39
2025-02-19 00:04:05,726 INFO o.a.j.t.JMeterThread: Thread started: 项目变更管理-查看变更-项目计划变更变更单详情（1000）* 1-40
2025-02-19 00:04:05,893 INFO o.a.j.t.JMeterThread: Thread started: 项目变更管理-查看变更-项目计划变更变更单详情（1000）* 1-41
2025-02-19 00:04:06,058 INFO o.a.j.t.JMeterThread: Thread started: 项目变更管理-查看变更-项目计划变更变更单详情（1000）* 1-42
2025-02-19 00:04:06,224 INFO o.a.j.t.JMeterThread: Thread started: 项目变更管理-查看变更-项目计划变更变更单详情（1000）* 1-43
2025-02-19 00:04:06,391 INFO o.a.j.t.JMeterThread: Thread started: 项目变更管理-查看变更-项目计划变更变更单详情（1000）* 1-44
2025-02-19 00:04:06,556 INFO o.a.j.t.JMeterThread: Thread started: 项目变更管理-查看变更-项目计划变更变更单详情（1000）* 1-45
2025-02-19 00:04:06,723 INFO o.a.j.t.JMeterThread: Thread started: 项目变更管理-查看变更-项目计划变更变更单详情（1000）* 1-46
2025-02-19 00:04:06,888 INFO o.a.j.t.JMeterThread: Thread started: 项目变更管理-查看变更-项目计划变更变更单详情（1000）* 1-47
2025-02-19 00:04:07,054 INFO o.a.j.t.JMeterThread: Thread started: 项目变更管理-查看变更-项目计划变更变更单详情（1000）* 1-48
2025-02-19 00:04:07,220 INFO o.a.j.t.JMeterThread: Thread started: 项目变更管理-查看变更-项目计划变更变更单详情（1000）* 1-49
2025-02-19 00:04:07,386 INFO o.a.j.t.JMeterThread: Thread started: 项目变更管理-查看变更-项目计划变更变更单详情（1000）* 1-50
2025-02-19 00:04:07,552 INFO o.a.j.t.JMeterThread: Thread started: 项目变更管理-查看变更-项目计划变更变更单详情（1000）* 1-51
2025-02-19 00:04:07,718 INFO o.a.j.t.JMeterThread: Thread started: 项目变更管理-查看变更-项目计划变更变更单详情（1000）* 1-52
2025-02-19 00:04:07,884 INFO o.a.j.t.JMeterThread: Thread started: 项目变更管理-查看变更-项目计划变更变更单详情（1000）* 1-53
2025-02-19 00:04:08,050 INFO o.a.j.t.JMeterThread: Thread started: 项目变更管理-查看变更-项目计划变更变更单详情（1000）* 1-54
2025-02-19 00:04:08,216 INFO o.a.j.t.JMeterThread: Thread started: 项目变更管理-查看变更-项目计划变更变更单详情（1000）* 1-55
2025-02-19 00:04:08,382 INFO o.a.j.t.JMeterThread: Thread started: 项目变更管理-查看变更-项目计划变更变更单详情（1000）* 1-56
2025-02-19 00:04:08,548 INFO o.a.j.t.JMeterThread: Thread started: 项目变更管理-查看变更-项目计划变更变更单详情（1000）* 1-57
2025-02-19 00:04:08,714 INFO o.a.j.t.JMeterThread: Thread started: 项目变更管理-查看变更-项目计划变更变更单详情（1000）* 1-58
2025-02-19 00:04:08,880 INFO o.a.j.t.JMeterThread: Thread started: 项目变更管理-查看变更-项目计划变更变更单详情（1000）* 1-59
2025-02-19 00:04:09,046 INFO o.a.j.t.JMeterThread: Thread started: 项目变更管理-查看变更-项目计划变更变更单详情（1000）* 1-60
2025-02-19 00:04:30,089 INFO o.a.j.r.Summariser: summary +    318 in 00:00:30 =   10.7/s Avg:    92 Min:    14 Max:  1728 Err:     0 (0.00%) Active: 60 Started: 60 Finished: 0
2025-02-19 00:04:30,089 INFO o.a.j.r.Summariser: summary =    573 in 00:01:01 =    9.4/s Avg:   105 Min:     4 Max:  2092 Err:    12 (2.09%)
2025-02-19 00:04:39,232 INFO o.a.j.t.JMeterThread: Thread started: 项目变更管理-查看变更-项目计划变更变更单详情（1000）* 1-61
2025-02-19 00:04:39,398 INFO o.a.j.t.JMeterThread: Thread started: 项目变更管理-查看变更-项目计划变更变更单详情（1000）* 1-62
2025-02-19 00:04:39,564 INFO o.a.j.t.JMeterThread: Thread started: 项目变更管理-查看变更-项目计划变更变更单详情（1000）* 1-63
2025-02-19 00:04:39,730 INFO o.a.j.t.JMeterThread: Thread started: 项目变更管理-查看变更-项目计划变更变更单详情（1000）* 1-64
2025-02-19 00:04:39,896 INFO o.a.j.t.JMeterThread: Thread started: 项目变更管理-查看变更-项目计划变更变更单详情（1000）* 1-65
2025-02-19 00:04:40,062 INFO o.a.j.t.JMeterThread: Thread started: 项目变更管理-查看变更-项目计划变更变更单详情（1000）* 1-66
2025-02-19 00:04:40,228 INFO o.a.j.t.JMeterThread: Thread started: 项目变更管理-查看变更-项目计划变更变更单详情（1000）* 1-67
2025-02-19 00:04:40,394 INFO o.a.j.t.JMeterThread: Thread started: 项目变更管理-查看变更-项目计划变更变更单详情（1000）* 1-68
2025-02-19 00:04:40,560 INFO o.a.j.t.JMeterThread: Thread started: 项目变更管理-查看变更-项目计划变更变更单详情（1000）* 1-69
2025-02-19 00:04:40,727 INFO o.a.j.t.JMeterThread: Thread started: 项目变更管理-查看变更-项目计划变更变更单详情（1000）* 1-70
2025-02-19 00:04:40,892 INFO o.a.j.t.JMeterThread: Thread started: 项目变更管理-查看变更-项目计划变更变更单详情（1000）* 1-71
2025-02-19 00:04:41,059 INFO o.a.j.t.JMeterThread: Thread started: 项目变更管理-查看变更-项目计划变更变更单详情（1000）* 1-72
2025-02-19 00:04:41,224 INFO o.a.j.t.JMeterThread: Thread started: 项目变更管理-查看变更-项目计划变更变更单详情（1000）* 1-73
2025-02-19 00:04:41,390 INFO o.a.j.t.JMeterThread: Thread started: 项目变更管理-查看变更-项目计划变更变更单详情（1000）* 1-74
2025-02-19 00:04:41,556 INFO o.a.j.t.JMeterThread: Thread started: 项目变更管理-查看变更-项目计划变更变更单详情（1000）* 1-75
2025-02-19 00:04:41,722 INFO o.a.j.t.JMeterThread: Thread started: 项目变更管理-查看变更-项目计划变更变更单详情（1000）* 1-76
2025-02-19 00:04:41,888 INFO o.a.j.t.JMeterThread: Thread started: 项目变更管理-查看变更-项目计划变更变更单详情（1000）* 1-77
2025-02-19 00:04:42,055 INFO o.a.j.t.JMeterThread: Thread started: 项目变更管理-查看变更-项目计划变更变更单详情（1000）* 1-78
2025-02-19 00:04:42,220 INFO o.a.j.t.JMeterThread: Thread started: 项目变更管理-查看变更-项目计划变更变更单详情（1000）* 1-79
2025-02-19 00:04:42,386 INFO o.a.j.t.JMeterThread: Thread started: 项目变更管理-查看变更-项目计划变更变更单详情（1000）* 1-80
2025-02-19 00:04:42,553 INFO o.a.j.t.JMeterThread: Thread started: 项目变更管理-查看变更-项目计划变更变更单详情（1000）* 1-81
2025-02-19 00:04:42,719 INFO o.a.j.t.JMeterThread: Thread started: 项目变更管理-查看变更-项目计划变更变更单详情（1000）* 1-82
2025-02-19 00:04:42,884 INFO o.a.j.t.JMeterThread: Thread started: 项目变更管理-查看变更-项目计划变更变更单详情（1000）* 1-83
2025-02-19 00:04:43,050 INFO o.a.j.t.JMeterThread: Thread started: 项目变更管理-查看变更-项目计划变更变更单详情（1000）* 1-84
2025-02-19 00:04:43,216 INFO o.a.j.t.JMeterThread: Thread started: 项目变更管理-查看变更-项目计划变更变更单详情（1000）* 1-85
2025-02-19 00:04:43,382 INFO o.a.j.t.JMeterThread: Thread started: 项目变更管理-查看变更-项目计划变更变更单详情（1000）* 1-86
2025-02-19 00:04:43,548 INFO o.a.j.t.JMeterThread: Thread started: 项目变更管理-查看变更-项目计划变更变更单详情（1000）* 1-87
2025-02-19 00:04:43,714 INFO o.a.j.t.JMeterThread: Thread started: 项目变更管理-查看变更-项目计划变更变更单详情（1000）* 1-88
2025-02-19 00:04:43,880 INFO o.a.j.t.JMeterThread: Thread started: 项目变更管理-查看变更-项目计划变更变更单详情（1000）* 1-89
2025-02-19 00:04:44,046 INFO o.a.j.t.JMeterThread: Thread started: 项目变更管理-查看变更-项目计划变更变更单详情（1000）* 1-90
2025-02-19 00:05:00,315 INFO o.a.j.r.Summariser: summary +    239 in 00:00:30 =    7.9/s Avg:   125 Min:    13 Max:  1697 Err:     0 (0.00%) Active: 90 Started: 90 Finished: 0
2025-02-19 00:05:00,316 INFO o.a.j.r.Summariser: summary =    812 in 00:01:31 =    8.9/s Avg:   111 Min:     4 Max:  2092 Err:    12 (1.48%)
2025-02-19 00:05:14,232 INFO o.a.j.t.JMeterThread: Thread started: 项目变更管理-查看变更-项目计划变更变更单详情（1000）* 1-91
2025-02-19 00:05:14,398 INFO o.a.j.t.JMeterThread: Thread started: 项目变更管理-查看变更-项目计划变更变更单详情（1000）* 1-92
2025-02-19 00:05:14,565 INFO o.a.j.t.JMeterThread: Thread started: 项目变更管理-查看变更-项目计划变更变更单详情（1000）* 1-93
2025-02-19 00:05:14,730 INFO o.a.j.t.JMeterThread: Thread started: 项目变更管理-查看变更-项目计划变更变更单详情（1000）* 1-94
2025-02-19 00:05:14,896 INFO o.a.j.t.JMeterThread: Thread started: 项目变更管理-查看变更-项目计划变更变更单详情（1000）* 1-95
2025-02-19 00:05:15,062 INFO o.a.j.t.JMeterThread: Thread started: 项目变更管理-查看变更-项目计划变更变更单详情（1000）* 1-96
2025-02-19 00:05:15,229 INFO o.a.j.t.JMeterThread: Thread started: 项目变更管理-查看变更-项目计划变更变更单详情（1000）* 1-97
2025-02-19 00:05:15,394 INFO o.a.j.t.JMeterThread: Thread started: 项目变更管理-查看变更-项目计划变更变更单详情（1000）* 1-98
2025-02-19 00:05:15,560 INFO o.a.j.t.JMeterThread: Thread started: 项目变更管理-查看变更-项目计划变更变更单详情（1000）* 1-99
2025-02-19 00:05:15,726 INFO o.a.j.t.JMeterThread: Thread started: 项目变更管理-查看变更-项目计划变更变更单详情（1000）* 1-100
2025-02-19 00:05:30,992 INFO o.a.j.r.Summariser: summary +    202 in 00:00:31 =    6.6/s Avg:   151 Min:    14 Max:  1068 Err:     0 (0.00%) Active: 100 Started: 100 Finished: 0
2025-02-19 00:05:30,993 INFO o.a.j.r.Summariser: summary =   1014 in 00:02:02 =    8.3/s Avg:   119 Min:     4 Max:  2092 Err:    12 (1.18%)
2025-02-19 00:06:00,099 INFO o.a.j.r.Summariser: summary +    173 in 00:00:29 =    5.9/s Avg:   167 Min:    14 Max:  1108 Err:     0 (0.00%) Active: 100 Started: 100 Finished: 0
2025-02-19 00:06:00,099 INFO o.a.j.r.Summariser: summary =   1187 in 00:02:31 =    7.9/s Avg:   126 Min:     4 Max:  2092 Err:    12 (1.01%)
2025-02-19 00:06:30,742 INFO o.a.j.r.Summariser: summary +    110 in 00:00:31 =    3.6/s Avg:   278 Min:    14 Max:  2027 Err:     0 (0.00%) Active: 100 Started: 100 Finished: 0
2025-02-19 00:06:30,742 INFO o.a.j.r.Summariser: summary =   1297 in 00:03:02 =    7.1/s Avg:   139 Min:     4 Max:  2092 Err:    12 (0.93%)
2025-02-19 00:07:00,846 INFO o.a.j.r.Summariser: summary +    109 in 00:00:30 =    3.6/s Avg:   275 Min:    14 Max:  1029 Err:     0 (0.00%) Active: 100 Started: 100 Finished: 0
2025-02-19 00:07:00,846 INFO o.a.j.r.Summariser: summary =   1406 in 00:03:32 =    6.6/s Avg:   149 Min:     4 Max:  2092 Err:    12 (0.85%)
2025-02-19 00:07:30,932 INFO o.a.j.r.Summariser: summary +    209 in 00:00:30 =    6.9/s Avg:   143 Min:    14 Max:  1371 Err:     0 (0.00%) Active: 100 Started: 100 Finished: 0
2025-02-19 00:07:30,932 INFO o.a.j.r.Summariser: summary =   1615 in 00:04:02 =    6.7/s Avg:   148 Min:     4 Max:  2092 Err:    12 (0.74%)
2025-02-19 00:08:00,106 INFO o.a.j.r.Summariser: summary +    205 in 00:00:29 =    7.0/s Avg:   141 Min:    14 Max:  1112 Err:     0 (0.00%) Active: 100 Started: 100 Finished: 0
2025-02-19 00:08:00,107 INFO o.a.j.r.Summariser: summary =   1820 in 00:04:31 =    6.7/s Avg:   148 Min:     4 Max:  2092 Err:    12 (0.66%)
2025-02-19 00:08:30,156 INFO o.a.j.r.Summariser: summary +    154 in 00:00:30 =    5.1/s Avg:   194 Min:    14 Max:  1461 Err:     0 (0.00%) Active: 100 Started: 100 Finished: 0
2025-02-19 00:08:30,156 INFO o.a.j.r.Summariser: summary =   1974 in 00:05:01 =    6.6/s Avg:   151 Min:     4 Max:  2092 Err:    12 (0.61%)
2025-02-19 00:09:00,394 INFO o.a.j.r.Summariser: summary +    175 in 00:00:30 =    5.8/s Avg:   172 Min:    13 Max:  1711 Err:     0 (0.00%) Active: 100 Started: 100 Finished: 0
2025-02-19 00:09:00,395 INFO o.a.j.r.Summariser: summary =   2149 in 00:05:31 =    6.5/s Avg:   153 Min:     4 Max:  2092 Err:    12 (0.56%)
2025-02-19 00:09:30,225 INFO o.a.j.r.Summariser: summary +    238 in 00:00:30 =    8.0/s Avg:   124 Min:    12 Max:  1077 Err:     0 (0.00%) Active: 100 Started: 100 Finished: 0
2025-02-19 00:09:30,225 INFO o.a.j.r.Summariser: summary =   2387 in 00:06:01 =    6.6/s Avg:   150 Min:     4 Max:  2092 Err:    12 (0.50%)
2025-02-19 00:10:00,001 INFO o.a.j.r.Summariser: summary +    364 in 00:00:30 =   12.2/s Avg:    81 Min:    13 Max:  1395 Err:     0 (0.00%) Active: 100 Started: 100 Finished: 0
2025-02-19 00:10:00,001 INFO o.a.j.r.Summariser: summary =   2751 in 00:06:31 =    7.0/s Avg:   141 Min:     4 Max:  2092 Err:    12 (0.44%)
2025-02-19 00:10:30,125 INFO o.a.j.r.Summariser: summary +    330 in 00:00:30 =   11.0/s Avg:    90 Min:     5 Max:  1066 Err:     1 (0.30%) Active: 100 Started: 100 Finished: 0
2025-02-19 00:10:30,126 INFO o.a.j.r.Summariser: summary =   3081 in 00:07:01 =    7.3/s Avg:   136 Min:     4 Max:  2092 Err:    13 (0.42%)
2025-02-19 00:11:00,862 INFO o.a.j.r.Summariser: summary +    116 in 00:00:31 =    3.8/s Avg:   264 Min:    14 Max:  1109 Err:     0 (0.00%) Active: 100 Started: 100 Finished: 0
2025-02-19 00:11:00,862 INFO o.a.j.r.Summariser: summary =   3197 in 00:07:32 =    7.1/s Avg:   140 Min:     4 Max:  2092 Err:    13 (0.41%)
2025-02-19 00:11:30,682 INFO o.a.j.r.Summariser: summary +    185 in 00:00:30 =    6.2/s Avg:   160 Min:    14 Max:  1065 Err:     0 (0.00%) Active: 100 Started: 100 Finished: 0
2025-02-19 00:11:30,682 INFO o.a.j.r.Summariser: summary =   3382 in 00:08:02 =    7.0/s Avg:   141 Min:     4 Max:  2092 Err:    13 (0.38%)
2025-02-19 00:13:00,176 INFO o.a.j.r.Summariser: summary +    312 in 00:01:29 =    3.5/s Avg:   286 Min:    13 Max: 65577 Err:     0 (0.00%) Active: 100 Started: 100 Finished: 0
2025-02-19 00:13:00,176 INFO o.a.j.r.Summariser: summary =   3694 in 00:09:31 =    6.5/s Avg:   154 Min:     4 Max: 65577 Err:    13 (0.35%)
2025-02-19 00:13:30,622 INFO o.a.j.r.Summariser: summary +    463 in 00:00:30 =   15.2/s Avg:    65 Min:    12 Max:  1275 Err:     0 (0.00%) Active: 100 Started: 100 Finished: 0
2025-02-19 00:13:30,623 INFO o.a.j.r.Summariser: summary =   4157 in 00:10:02 =    6.9/s Avg:   144 Min:     4 Max: 65577 Err:    13 (0.31%)
2025-02-19 00:14:00,215 INFO o.a.j.r.Summariser: summary +    565 in 00:00:30 =   19.1/s Avg:    51 Min:    13 Max:  1125 Err:     0 (0.00%) Active: 100 Started: 100 Finished: 0
2025-02-19 00:14:00,215 INFO o.a.j.r.Summariser: summary =   4722 in 00:10:31 =    7.5/s Avg:   133 Min:     4 Max: 65577 Err:    13 (0.28%)
2025-02-19 00:14:31,000 INFO o.a.j.r.Summariser: summary +    411 in 00:00:31 =   13.4/s Avg:    74 Min:    13 Max:  1067 Err:     0 (0.00%) Active: 100 Started: 100 Finished: 0
2025-02-19 00:14:31,000 INFO o.a.j.r.Summariser: summary =   5133 in 00:11:02 =    7.8/s Avg:   128 Min:     4 Max: 65577 Err:    13 (0.25%)
2025-02-19 00:15:00,217 INFO o.a.j.r.Summariser: summary +    309 in 00:00:29 =   10.6/s Avg:    94 Min:    12 Max:  1128 Err:     0 (0.00%) Active: 100 Started: 100 Finished: 0
2025-02-19 00:15:00,218 INFO o.a.j.r.Summariser: summary =   5442 in 00:11:31 =    7.9/s Avg:   126 Min:     4 Max: 65577 Err:    13 (0.24%)
2025-02-19 00:15:31,164 INFO o.a.j.r.Summariser: summary +    281 in 00:00:31 =    9.1/s Avg:   109 Min:    13 Max:  1216 Err:     0 (0.00%) Active: 100 Started: 100 Finished: 0
2025-02-19 00:15:31,164 INFO o.a.j.r.Summariser: summary =   5723 in 00:12:02 =    7.9/s Avg:   125 Min:     4 Max: 65577 Err:    13 (0.23%)
2025-02-19 00:16:00,088 INFO o.a.j.r.Summariser: summary +    267 in 00:00:29 =    9.2/s Avg:   107 Min:    13 Max:  1118 Err:     0 (0.00%) Active: 100 Started: 100 Finished: 0
2025-02-19 00:16:00,088 INFO o.a.j.r.Summariser: summary =   5990 in 00:12:31 =    8.0/s Avg:   124 Min:     4 Max: 65577 Err:    13 (0.22%)
2025-02-19 00:16:30,387 INFO o.a.j.r.Summariser: summary +    307 in 00:00:30 =   10.1/s Avg:    98 Min:     4 Max:  1248 Err:     1 (0.33%) Active: 100 Started: 100 Finished: 0
2025-02-19 00:16:30,388 INFO o.a.j.r.Summariser: summary =   6297 in 00:13:01 =    8.1/s Avg:   123 Min:     4 Max: 65577 Err:    14 (0.22%)
2025-02-19 00:17:01,315 INFO o.a.j.r.Summariser: summary +    268 in 00:00:31 =    8.7/s Avg:   115 Min:    13 Max:  1529 Err:     0 (0.00%) Active: 100 Started: 100 Finished: 0
2025-02-19 00:17:01,315 INFO o.a.j.r.Summariser: summary =   6565 in 00:13:32 =    8.1/s Avg:   123 Min:     4 Max: 65577 Err:    14 (0.21%)
2025-02-19 00:17:30,732 INFO o.a.j.r.Summariser: summary +     82 in 00:00:29 =    2.8/s Avg:   358 Min:    12 Max:  1079 Err:     0 (0.00%) Active: 100 Started: 100 Finished: 0
2025-02-19 00:17:30,732 INFO o.a.j.r.Summariser: summary =   6647 in 00:14:02 =    7.9/s Avg:   126 Min:     4 Max: 65577 Err:    14 (0.21%)
2025-02-19 00:18:00,916 INFO o.a.j.r.Summariser: summary +     96 in 00:00:30 =    3.2/s Avg:   314 Min:     4 Max:  1692 Err:     1 (1.04%) Active: 100 Started: 100 Finished: 0
2025-02-19 00:18:00,917 INFO o.a.j.r.Summariser: summary =   6743 in 00:14:32 =    7.7/s Avg:   128 Min:     4 Max: 65577 Err:    15 (0.22%)
2025-02-19 00:18:30,995 INFO o.a.j.r.Summariser: summary +     74 in 00:00:30 =    2.5/s Avg:   406 Min:    14 Max:  2120 Err:     0 (0.00%) Active: 100 Started: 100 Finished: 0
2025-02-19 00:18:30,996 INFO o.a.j.r.Summariser: summary =   6817 in 00:15:02 =    7.6/s Avg:   131 Min:     4 Max: 65577 Err:    15 (0.22%)
2025-02-19 00:19:00,678 INFO o.a.j.r.Summariser: summary +     74 in 00:00:30 =    2.5/s Avg:   400 Min:    14 Max:  2051 Err:     0 (0.00%) Active: 100 Started: 100 Finished: 0
2025-02-19 00:19:00,678 INFO o.a.j.r.Summariser: summary =   6891 in 00:15:32 =    7.4/s Avg:   134 Min:     4 Max: 65577 Err:    15 (0.22%)
2025-02-19 00:19:30,152 INFO o.a.j.r.Summariser: summary +     82 in 00:00:29 =    2.8/s Avg:   359 Min:    14 Max:   788 Err:     0 (0.00%) Active: 100 Started: 100 Finished: 0
2025-02-19 00:19:30,153 INFO o.a.j.r.Summariser: summary =   6973 in 00:16:01 =    7.3/s Avg:   137 Min:     4 Max: 65577 Err:    15 (0.22%)
2025-02-19 00:20:00,679 INFO o.a.j.r.Summariser: summary +     78 in 00:00:31 =    2.6/s Avg:   391 Min:    14 Max:  1690 Err:     0 (0.00%) Active: 100 Started: 100 Finished: 0
2025-02-19 00:20:00,680 INFO o.a.j.r.Summariser: summary =   7051 in 00:16:32 =    7.1/s Avg:   140 Min:     4 Max: 65577 Err:    15 (0.21%)
2025-02-19 00:20:31,022 INFO o.a.j.r.Summariser: summary +     76 in 00:00:30 =    2.5/s Avg:   398 Min:    13 Max:  2195 Err:     0 (0.00%) Active: 100 Started: 100 Finished: 0
2025-02-19 00:20:31,022 INFO o.a.j.r.Summariser: summary =   7127 in 00:17:02 =    7.0/s Avg:   142 Min:     4 Max: 65577 Err:    15 (0.21%)
2025-02-19 00:21:01,166 INFO o.a.j.r.Summariser: summary +     80 in 00:00:30 =    2.7/s Avg:   376 Min:    13 Max:  1731 Err:     0 (0.00%) Active: 100 Started: 100 Finished: 0
2025-02-19 00:21:01,166 INFO o.a.j.r.Summariser: summary =   7207 in 00:17:32 =    6.9/s Avg:   145 Min:     4 Max: 65577 Err:    15 (0.21%)
2025-02-19 00:21:30,215 INFO o.a.j.r.Summariser: summary +    510 in 00:00:29 =   17.6/s Avg:    56 Min:     3 Max:  1073 Err:     2 (0.39%) Active: 100 Started: 100 Finished: 0
2025-02-19 00:21:30,216 INFO o.a.j.r.Summariser: summary =   7717 in 00:18:01 =    7.1/s Avg:   139 Min:     3 Max: 65577 Err:    17 (0.22%)
2025-02-19 00:22:00,104 INFO o.a.j.r.Summariser: summary +    483 in 00:00:30 =   16.2/s Avg:    61 Min:    12 Max:  1064 Err:     0 (0.00%) Active: 100 Started: 100 Finished: 0
2025-02-19 00:22:00,104 INFO o.a.j.r.Summariser: summary =   8200 in 00:18:31 =    7.4/s Avg:   135 Min:     3 Max: 65577 Err:    17 (0.21%)
2025-02-19 00:22:30,883 INFO o.a.j.r.Summariser: summary +    375 in 00:00:31 =   12.2/s Avg:    81 Min:    12 Max:  1121 Err:     0 (0.00%) Active: 100 Started: 100 Finished: 0
2025-02-19 00:22:30,883 INFO o.a.j.r.Summariser: summary =   8575 in 00:19:02 =    7.5/s Avg:   132 Min:     3 Max: 65577 Err:    17 (0.20%)
2025-02-19 00:23:00,004 INFO o.a.j.r.Summariser: summary +    258 in 00:00:29 =    8.9/s Avg:   112 Min:    13 Max:  1111 Err:     0 (0.00%) Active: 100 Started: 100 Finished: 0
2025-02-19 00:23:00,004 INFO o.a.j.r.Summariser: summary =   8833 in 00:19:31 =    7.5/s Avg:   132 Min:     3 Max: 65577 Err:    17 (0.19%)
2025-02-19 00:23:30,074 INFO o.a.j.r.Summariser: summary +    316 in 00:00:30 =   10.5/s Avg:    94 Min:    13 Max:  1067 Err:     0 (0.00%) Active: 100 Started: 100 Finished: 0
2025-02-19 00:23:30,074 INFO o.a.j.r.Summariser: summary =   9149 in 00:20:01 =    7.6/s Avg:   130 Min:     3 Max: 65577 Err:    17 (0.19%)
2025-02-19 00:24:00,661 INFO o.a.j.r.Summariser: summary +    343 in 00:00:31 =   11.2/s Avg:    88 Min:    13 Max:  1096 Err:     0 (0.00%) Active: 100 Started: 100 Finished: 0
2025-02-19 00:24:00,661 INFO o.a.j.r.Summariser: summary =   9492 in 00:20:32 =    7.7/s Avg:   129 Min:     3 Max: 65577 Err:    17 (0.18%)
2025-02-19 00:24:30,270 INFO o.a.j.r.Summariser: summary +    277 in 00:00:30 =    9.4/s Avg:   106 Min:    13 Max:  1219 Err:     0 (0.00%) Active: 100 Started: 100 Finished: 0
2025-02-19 00:24:30,270 INFO o.a.j.r.Summariser: summary =   9769 in 00:21:01 =    7.7/s Avg:   128 Min:     3 Max: 65577 Err:    17 (0.17%)
2025-02-19 00:25:00,194 INFO o.a.j.r.Summariser: summary +    325 in 00:00:30 =   10.9/s Avg:    91 Min:     6 Max:  1148 Err:     1 (0.31%) Active: 100 Started: 100 Finished: 0
2025-02-19 00:25:00,195 INFO o.a.j.r.Summariser: summary =  10094 in 00:21:31 =    7.8/s Avg:   127 Min:     3 Max: 65577 Err:    18 (0.18%)
2025-02-19 00:25:30,047 INFO o.a.j.r.Summariser: summary +    369 in 00:00:30 =   12.4/s Avg:    80 Min:    12 Max:  1068 Err:     0 (0.00%) Active: 100 Started: 100 Finished: 0
2025-02-19 00:25:30,047 INFO o.a.j.r.Summariser: summary =  10463 in 00:22:01 =    7.9/s Avg:   125 Min:     3 Max: 65577 Err:    18 (0.17%)
2025-02-19 00:26:00,094 INFO o.a.j.r.Summariser: summary +    346 in 00:00:30 =   11.5/s Avg:    86 Min:    13 Max:  1066 Err:     0 (0.00%) Active: 100 Started: 100 Finished: 0
2025-02-19 00:26:00,095 INFO o.a.j.r.Summariser: summary =  10809 in 00:22:31 =    8.0/s Avg:   124 Min:     3 Max: 65577 Err:    18 (0.17%)
2025-02-19 00:26:30,111 INFO o.a.j.r.Summariser: summary +    282 in 00:00:30 =    9.4/s Avg:   106 Min:    13 Max:  1333 Err:     0 (0.00%) Active: 100 Started: 100 Finished: 0
2025-02-19 00:26:30,112 INFO o.a.j.r.Summariser: summary =  11091 in 00:23:01 =    8.0/s Avg:   124 Min:     3 Max: 65577 Err:    18 (0.16%)
2025-02-19 00:27:00,642 INFO o.a.j.r.Summariser: summary +    330 in 00:00:31 =   10.8/s Avg:    92 Min:    13 Max:  1191 Err:     0 (0.00%) Active: 100 Started: 100 Finished: 0
2025-02-19 00:27:00,642 INFO o.a.j.r.Summariser: summary =  11421 in 00:23:32 =    8.1/s Avg:   123 Min:     3 Max: 65577 Err:    18 (0.16%)
2025-02-19 00:27:30,038 INFO o.a.j.r.Summariser: summary +    406 in 00:00:29 =   13.8/s Avg:    72 Min:    13 Max:  1065 Err:     0 (0.00%) Active: 100 Started: 100 Finished: 0
2025-02-19 00:27:30,038 INFO o.a.j.r.Summariser: summary =  11827 in 00:24:01 =    8.2/s Avg:   121 Min:     3 Max: 65577 Err:    18 (0.15%)
2025-02-19 00:28:00,158 INFO o.a.j.r.Summariser: summary +    375 in 00:00:30 =   12.4/s Avg:    79 Min:    13 Max:  1073 Err:     0 (0.00%) Active: 100 Started: 100 Finished: 0
2025-02-19 00:28:00,159 INFO o.a.j.r.Summariser: summary =  12202 in 00:24:31 =    8.3/s Avg:   120 Min:     3 Max: 65577 Err:    18 (0.15%)
2025-02-19 00:28:30,140 INFO o.a.j.r.Summariser: summary +    230 in 00:00:30 =    7.7/s Avg:   130 Min:    13 Max:  2712 Err:     0 (0.00%) Active: 100 Started: 100 Finished: 0
2025-02-19 00:28:30,140 INFO o.a.j.r.Summariser: summary =  12432 in 00:25:01 =    8.3/s Avg:   120 Min:     3 Max: 65577 Err:    18 (0.14%)
2025-02-19 00:29:00,452 INFO o.a.j.r.Summariser: summary +    318 in 00:00:30 =   10.5/s Avg:    95 Min:    12 Max:  1073 Err:     0 (0.00%) Active: 100 Started: 100 Finished: 0
2025-02-19 00:29:00,453 INFO o.a.j.r.Summariser: summary =  12750 in 00:25:31 =    8.3/s Avg:   119 Min:     3 Max: 65577 Err:    18 (0.14%)
2025-02-19 00:29:30,049 INFO o.a.j.r.Summariser: summary +    340 in 00:00:30 =   11.5/s Avg:    86 Min:    12 Max:  1078 Err:     0 (0.00%) Active: 100 Started: 100 Finished: 0
2025-02-19 00:29:30,050 INFO o.a.j.r.Summariser: summary =  13090 in 00:26:01 =    8.4/s Avg:   118 Min:     3 Max: 65577 Err:    18 (0.14%)
2025-02-19 00:30:00,329 INFO o.a.j.r.Summariser: summary +    367 in 00:00:30 =   12.1/s Avg:    82 Min:    13 Max:  1071 Err:     0 (0.00%) Active: 100 Started: 100 Finished: 0
2025-02-19 00:30:00,329 INFO o.a.j.r.Summariser: summary =  13457 in 00:26:31 =    8.5/s Avg:   117 Min:     3 Max: 65577 Err:    18 (0.13%)
2025-02-19 00:30:30,240 INFO o.a.j.r.Summariser: summary +    372 in 00:00:30 =   12.4/s Avg:    80 Min:    13 Max:  1256 Err:     0 (0.00%) Active: 100 Started: 100 Finished: 0
2025-02-19 00:30:30,241 INFO o.a.j.r.Summariser: summary =  13829 in 00:27:01 =    8.5/s Avg:   116 Min:     3 Max: 65577 Err:    18 (0.13%)
2025-02-19 00:31:00,707 INFO o.a.j.r.Summariser: summary +    340 in 00:00:30 =   11.2/s Avg:    89 Min:    13 Max:  1212 Err:     0 (0.00%) Active: 100 Started: 100 Finished: 0
2025-02-19 00:31:00,707 INFO o.a.j.r.Summariser: summary =  14169 in 00:27:32 =    8.6/s Avg:   116 Min:     3 Max: 65577 Err:    18 (0.13%)
2025-02-19 00:31:30,735 INFO o.a.j.r.Summariser: summary +    296 in 00:00:30 =    9.9/s Avg:   101 Min:    14 Max:  1131 Err:     0 (0.00%) Active: 100 Started: 100 Finished: 0
2025-02-19 00:31:30,735 INFO o.a.j.r.Summariser: summary =  14465 in 00:28:02 =    8.6/s Avg:   115 Min:     3 Max: 65577 Err:    18 (0.12%)
2025-02-19 00:32:00,924 INFO o.a.j.r.Summariser: summary +    324 in 00:00:30 =   10.7/s Avg:    92 Min:     5 Max:  1087 Err:     1 (0.31%) Active: 100 Started: 100 Finished: 0
2025-02-19 00:32:00,924 INFO o.a.j.r.Summariser: summary =  14789 in 00:28:32 =    8.6/s Avg:   115 Min:     3 Max: 65577 Err:    19 (0.13%)
2025-02-19 00:32:30,261 INFO o.a.j.r.Summariser: summary +    327 in 00:00:29 =   11.1/s Avg:    89 Min:    14 Max:  1116 Err:     0 (0.00%) Active: 100 Started: 100 Finished: 0
2025-02-19 00:32:30,262 INFO o.a.j.r.Summariser: summary =  15116 in 00:29:01 =    8.7/s Avg:   114 Min:     3 Max: 65577 Err:    19 (0.13%)
2025-02-19 00:33:31,476 INFO o.a.j.r.Summariser: summary +     70 in 00:01:01 =    1.1/s Avg:   874 Min:    14 Max: 53391 Err:     0 (0.00%) Active: 100 Started: 100 Finished: 0
2025-02-19 00:33:31,477 INFO o.a.j.r.Summariser: summary =  15186 in 00:30:02 =    8.4/s Avg:   118 Min:     3 Max: 65577 Err:    19 (0.13%)
2025-02-19 00:34:00,500 INFO o.a.j.r.Summariser: summary +    459 in 00:00:29 =   15.8/s Avg:    62 Min:    12 Max:  1219 Err:     0 (0.00%) Active: 100 Started: 100 Finished: 0
2025-02-19 00:34:00,500 INFO o.a.j.r.Summariser: summary =  15645 in 00:30:31 =    8.5/s Avg:   116 Min:     3 Max: 65577 Err:    19 (0.12%)
2025-02-19 00:34:30,888 INFO o.a.j.r.Summariser: summary +    483 in 00:00:30 =   15.9/s Avg:    62 Min:    12 Max:  1083 Err:     0 (0.00%) Active: 100 Started: 100 Finished: 0
2025-02-19 00:34:30,888 INFO o.a.j.r.Summariser: summary =  16128 in 00:31:02 =    8.7/s Avg:   115 Min:     3 Max: 65577 Err:    19 (0.12%)
2025-02-19 00:35:00,654 INFO o.a.j.r.Summariser: summary +    391 in 00:00:30 =   13.1/s Avg:    75 Min:    14 Max:  1152 Err:     0 (0.00%) Active: 100 Started: 100 Finished: 0
2025-02-19 00:35:00,655 INFO o.a.j.r.Summariser: summary =  16519 in 00:31:32 =    8.7/s Avg:   114 Min:     3 Max: 65577 Err:    19 (0.12%)
2025-02-19 00:35:15,906 INFO o.a.j.t.JMeterThread: Stopping because end time detected by thread: 项目变更管理-查看变更-项目计划变更变更单详情（1000）* 1-1
2025-02-19 00:35:15,907 INFO o.a.j.t.JMeterThread: Thread finished: 项目变更管理-查看变更-项目计划变更变更单详情（1000）* 1-1
2025-02-19 00:35:15,907 WARN o.a.j.c.CriticalSectionController: Lock 'global_lock' not released in: 临界部分控制器, releasing in threadFinished
2025-02-19 00:35:15,926 INFO o.a.j.t.JMeterThread: Stopping because end time detected by thread: 项目变更管理-查看变更-项目计划变更变更单详情（1000）* 1-2
2025-02-19 00:35:15,926 INFO o.a.j.t.JMeterThread: Thread finished: 项目变更管理-查看变更-项目计划变更变更单详情（1000）* 1-2
2025-02-19 00:35:15,926 WARN o.a.j.c.CriticalSectionController: Lock 'global_lock' not released in: 临界部分控制器, releasing in threadFinished
2025-02-19 00:35:15,958 INFO o.a.j.t.JMeterThread: Stopping because end time detected by thread: 项目变更管理-查看变更-项目计划变更变更单详情（1000）* 1-3
2025-02-19 00:35:15,959 INFO o.a.j.t.JMeterThread: Thread finished: 项目变更管理-查看变更-项目计划变更变更单详情（1000）* 1-3
2025-02-19 00:35:15,959 WARN o.a.j.c.CriticalSectionController: Lock 'global_lock' not released in: 临界部分控制器, releasing in threadFinished
2025-02-19 00:35:15,977 INFO o.a.j.t.JMeterThread: Stopping because end time detected by thread: 项目变更管理-查看变更-项目计划变更变更单详情（1000）* 1-4
2025-02-19 00:35:15,977 INFO o.a.j.t.JMeterThread: Thread finished: 项目变更管理-查看变更-项目计划变更变更单详情（1000）* 1-4
2025-02-19 00:35:15,977 WARN o.a.j.c.CriticalSectionController: Lock 'global_lock' not released in: 临界部分控制器, releasing in threadFinished
2025-02-19 00:35:16,050 INFO o.a.j.t.JMeterThread: Stopping because end time detected by thread: 项目变更管理-查看变更-项目计划变更变更单详情（1000）* 1-5
2025-02-19 00:35:16,050 INFO o.a.j.t.JMeterThread: Thread finished: 项目变更管理-查看变更-项目计划变更变更单详情（1000）* 1-5
2025-02-19 00:35:16,050 WARN o.a.j.c.CriticalSectionController: Lock 'global_lock' not released in: 临界部分控制器, releasing in threadFinished
2025-02-19 00:35:16,909 INFO o.a.j.t.JMeterThread: Stopping because end time detected by thread: 项目变更管理-查看变更-项目计划变更变更单详情（1000）* 1-6
2025-02-19 00:35:16,909 INFO o.a.j.t.JMeterThread: Thread finished: 项目变更管理-查看变更-项目计划变更变更单详情（1000）* 1-6
2025-02-19 00:35:16,909 WARN o.a.j.c.CriticalSectionController: Lock 'global_lock' not released in: 临界部分控制器, releasing in threadFinished
2025-02-19 00:35:16,930 INFO o.a.j.t.JMeterThread: Stopping because end time detected by thread: 项目变更管理-查看变更-项目计划变更变更单详情（1000）* 1-7
2025-02-19 00:35:16,930 INFO o.a.j.t.JMeterThread: Thread finished: 项目变更管理-查看变更-项目计划变更变更单详情（1000）* 1-7
2025-02-19 00:35:16,930 WARN o.a.j.c.CriticalSectionController: Lock 'global_lock' not released in: 临界部分控制器, releasing in threadFinished
2025-02-19 00:35:16,945 INFO o.a.j.t.JMeterThread: Stopping because end time detected by thread: 项目变更管理-查看变更-项目计划变更变更单详情（1000）* 1-8
2025-02-19 00:35:16,945 INFO o.a.j.t.JMeterThread: Thread finished: 项目变更管理-查看变更-项目计划变更变更单详情（1000）* 1-8
2025-02-19 00:35:16,945 WARN o.a.j.c.CriticalSectionController: Lock 'global_lock' not released in: 临界部分控制器, releasing in threadFinished
2025-02-19 00:35:16,962 INFO o.a.j.t.JMeterThread: Stopping because end time detected by thread: 项目变更管理-查看变更-项目计划变更变更单详情（1000）* 1-9
2025-02-19 00:35:16,962 INFO o.a.j.t.JMeterThread: Thread finished: 项目变更管理-查看变更-项目计划变更变更单详情（1000）* 1-9
2025-02-19 00:35:16,962 WARN o.a.j.c.CriticalSectionController: Lock 'global_lock' not released in: 临界部分控制器, releasing in threadFinished
2025-02-19 00:35:16,991 INFO o.a.j.t.JMeterThread: Stopping because end time detected by thread: 项目变更管理-查看变更-项目计划变更变更单详情（1000）* 1-10
2025-02-19 00:35:16,992 INFO o.a.j.t.JMeterThread: Thread finished: 项目变更管理-查看变更-项目计划变更变更单详情（1000）* 1-10
2025-02-19 00:35:16,992 WARN o.a.j.c.CriticalSectionController: Lock 'global_lock' not released in: 临界部分控制器, releasing in threadFinished
2025-02-19 00:35:18,495 INFO o.a.j.t.JMeterThread: Stopping because end time detected by thread: 项目变更管理-查看变更-项目计划变更变更单详情（1000）* 1-11
2025-02-19 00:35:18,495 INFO o.a.j.t.JMeterThread: Thread finished: 项目变更管理-查看变更-项目计划变更变更单详情（1000）* 1-11
2025-02-19 00:35:18,495 WARN o.a.j.c.CriticalSectionController: Lock 'global_lock' not released in: 临界部分控制器, releasing in threadFinished
2025-02-19 00:35:18,517 INFO o.a.j.t.JMeterThread: Stopping because end time detected by thread: 项目变更管理-查看变更-项目计划变更变更单详情（1000）* 1-12
2025-02-19 00:35:18,517 INFO o.a.j.t.JMeterThread: Thread finished: 项目变更管理-查看变更-项目计划变更变更单详情（1000）* 1-12
2025-02-19 00:35:18,517 WARN o.a.j.c.CriticalSectionController: Lock 'global_lock' not released in: 临界部分控制器, releasing in threadFinished
2025-02-19 00:35:18,538 INFO o.a.j.t.JMeterThread: Stopping because end time detected by thread: 项目变更管理-查看变更-项目计划变更变更单详情（1000）* 1-13
2025-02-19 00:35:18,538 INFO o.a.j.t.JMeterThread: Thread finished: 项目变更管理-查看变更-项目计划变更变更单详情（1000）* 1-13
2025-02-19 00:35:18,538 WARN o.a.j.c.CriticalSectionController: Lock 'global_lock' not released in: 临界部分控制器, releasing in threadFinished
2025-02-19 00:35:19,560 INFO o.a.j.t.JMeterThread: Stopping because end time detected by thread: 项目变更管理-查看变更-项目计划变更变更单详情（1000）* 1-14
2025-02-19 00:35:19,560 INFO o.a.j.t.JMeterThread: Thread finished: 项目变更管理-查看变更-项目计划变更变更单详情（1000）* 1-14
2025-02-19 00:35:19,560 WARN o.a.j.c.CriticalSectionController: Lock 'global_lock' not released in: 临界部分控制器, releasing in threadFinished
2025-02-19 00:35:19,579 INFO o.a.j.t.JMeterThread: Stopping because end time detected by thread: 项目变更管理-查看变更-项目计划变更变更单详情（1000）* 1-15
2025-02-19 00:35:19,580 INFO o.a.j.t.JMeterThread: Thread finished: 项目变更管理-查看变更-项目计划变更变更单详情（1000）* 1-15
2025-02-19 00:35:19,580 WARN o.a.j.c.CriticalSectionController: Lock 'global_lock' not released in: 临界部分控制器, releasing in threadFinished
2025-02-19 00:35:19,597 INFO o.a.j.t.JMeterThread: Stopping because end time detected by thread: 项目变更管理-查看变更-项目计划变更变更单详情（1000）* 1-16
2025-02-19 00:35:19,597 INFO o.a.j.t.JMeterThread: Thread finished: 项目变更管理-查看变更-项目计划变更变更单详情（1000）* 1-16
2025-02-19 00:35:19,597 WARN o.a.j.c.CriticalSectionController: Lock 'global_lock' not released in: 临界部分控制器, releasing in threadFinished
2025-02-19 00:35:19,615 INFO o.a.j.t.JMeterThread: Stopping because end time detected by thread: 项目变更管理-查看变更-项目计划变更变更单详情（1000）* 1-17
2025-02-19 00:35:19,615 INFO o.a.j.t.JMeterThread: Thread finished: 项目变更管理-查看变更-项目计划变更变更单详情（1000）* 1-17
2025-02-19 00:35:19,615 WARN o.a.j.c.CriticalSectionController: Lock 'global_lock' not released in: 临界部分控制器, releasing in threadFinished
2025-02-19 00:35:19,632 INFO o.a.j.t.JMeterThread: Stopping because end time detected by thread: 项目变更管理-查看变更-项目计划变更变更单详情（1000）* 1-18
2025-02-19 00:35:19,632 INFO o.a.j.t.JMeterThread: Thread finished: 项目变更管理-查看变更-项目计划变更变更单详情（1000）* 1-18
2025-02-19 00:35:19,632 WARN o.a.j.c.CriticalSectionController: Lock 'global_lock' not released in: 临界部分控制器, releasing in threadFinished
2025-02-19 00:35:20,653 INFO o.a.j.t.JMeterThread: Stopping because end time detected by thread: 项目变更管理-查看变更-项目计划变更变更单详情（1000）* 1-19
2025-02-19 00:35:20,653 INFO o.a.j.t.JMeterThread: Thread finished: 项目变更管理-查看变更-项目计划变更变更单详情（1000）* 1-19
2025-02-19 00:35:20,653 WARN o.a.j.c.CriticalSectionController: Lock 'global_lock' not released in: 临界部分控制器, releasing in threadFinished
2025-02-19 00:35:20,669 INFO o.a.j.t.JMeterThread: Stopping because end time detected by thread: 项目变更管理-查看变更-项目计划变更变更单详情（1000）* 1-20
2025-02-19 00:35:20,669 INFO o.a.j.t.JMeterThread: Thread finished: 项目变更管理-查看变更-项目计划变更变更单详情（1000）* 1-20
2025-02-19 00:35:20,670 WARN o.a.j.c.CriticalSectionController: Lock 'global_lock' not released in: 临界部分控制器, releasing in threadFinished
2025-02-19 00:35:20,688 INFO o.a.j.t.JMeterThread: Stopping because end time detected by thread: 项目变更管理-查看变更-项目计划变更变更单详情（1000）* 1-21
2025-02-19 00:35:20,688 INFO o.a.j.t.JMeterThread: Thread finished: 项目变更管理-查看变更-项目计划变更变更单详情（1000）* 1-21
2025-02-19 00:35:20,688 WARN o.a.j.c.CriticalSectionController: Lock 'global_lock' not released in: 临界部分控制器, releasing in threadFinished
2025-02-19 00:35:20,707 INFO o.a.j.t.JMeterThread: Stopping because end time detected by thread: 项目变更管理-查看变更-项目计划变更变更单详情（1000）* 1-22
2025-02-19 00:35:20,707 INFO o.a.j.t.JMeterThread: Thread finished: 项目变更管理-查看变更-项目计划变更变更单详情（1000）* 1-22
2025-02-19 00:35:20,707 WARN o.a.j.c.CriticalSectionController: Lock 'global_lock' not released in: 临界部分控制器, releasing in threadFinished
2025-02-19 00:35:20,730 INFO o.a.j.t.JMeterThread: Stopping because end time detected by thread: 项目变更管理-查看变更-项目计划变更变更单详情（1000）* 1-23
2025-02-19 00:35:20,730 INFO o.a.j.t.JMeterThread: Thread finished: 项目变更管理-查看变更-项目计划变更变更单详情（1000）* 1-23
2025-02-19 00:35:20,730 WARN o.a.j.c.CriticalSectionController: Lock 'global_lock' not released in: 临界部分控制器, releasing in threadFinished
2025-02-19 00:35:20,748 INFO o.a.j.t.JMeterThread: Stopping because end time detected by thread: 项目变更管理-查看变更-项目计划变更变更单详情（1000）* 1-24
2025-02-19 00:35:20,748 INFO o.a.j.t.JMeterThread: Thread finished: 项目变更管理-查看变更-项目计划变更变更单详情（1000）* 1-24
2025-02-19 00:35:20,748 WARN o.a.j.c.CriticalSectionController: Lock 'global_lock' not released in: 临界部分控制器, releasing in threadFinished
2025-02-19 00:35:20,763 INFO o.a.j.t.JMeterThread: Stopping because end time detected by thread: 项目变更管理-查看变更-项目计划变更变更单详情（1000）* 1-25
2025-02-19 00:35:20,763 INFO o.a.j.t.JMeterThread: Thread finished: 项目变更管理-查看变更-项目计划变更变更单详情（1000）* 1-25
2025-02-19 00:35:20,763 WARN o.a.j.c.CriticalSectionController: Lock 'global_lock' not released in: 临界部分控制器, releasing in threadFinished
2025-02-19 00:35:20,898 INFO o.a.j.t.JMeterThread: Stopping because end time detected by thread: 项目变更管理-查看变更-项目计划变更变更单详情（1000）* 1-26
2025-02-19 00:35:20,899 INFO o.a.j.t.JMeterThread: Thread finished: 项目变更管理-查看变更-项目计划变更变更单详情（1000）* 1-26
2025-02-19 00:35:20,899 WARN o.a.j.c.CriticalSectionController: Lock 'global_lock' not released in: 临界部分控制器, releasing in threadFinished
2025-02-19 00:35:20,936 INFO o.a.j.t.JMeterThread: Stopping because end time detected by thread: 项目变更管理-查看变更-项目计划变更变更单详情（1000）* 1-27
2025-02-19 00:35:20,936 INFO o.a.j.t.JMeterThread: Thread finished: 项目变更管理-查看变更-项目计划变更变更单详情（1000）* 1-27
2025-02-19 00:35:20,936 WARN o.a.j.c.CriticalSectionController: Lock 'global_lock' not released in: 临界部分控制器, releasing in threadFinished
2025-02-19 00:35:20,952 INFO o.a.j.t.JMeterThread: Stopping because end time detected by thread: 项目变更管理-查看变更-项目计划变更变更单详情（1000）* 1-28
2025-02-19 00:35:20,952 INFO o.a.j.t.JMeterThread: Thread finished: 项目变更管理-查看变更-项目计划变更变更单详情（1000）* 1-28
2025-02-19 00:35:20,952 WARN o.a.j.c.CriticalSectionController: Lock 'global_lock' not released in: 临界部分控制器, releasing in threadFinished
2025-02-19 00:35:20,987 INFO o.a.j.t.JMeterThread: Stopping because end time detected by thread: 项目变更管理-查看变更-项目计划变更变更单详情（1000）* 1-29
2025-02-19 00:35:20,987 INFO o.a.j.t.JMeterThread: Thread finished: 项目变更管理-查看变更-项目计划变更变更单详情（1000）* 1-29
2025-02-19 00:35:20,987 WARN o.a.j.c.CriticalSectionController: Lock 'global_lock' not released in: 临界部分控制器, releasing in threadFinished
2025-02-19 00:35:21,043 INFO o.a.j.t.JMeterThread: Stopping because end time detected by thread: 项目变更管理-查看变更-项目计划变更变更单详情（1000）* 1-30
2025-02-19 00:35:21,043 INFO o.a.j.t.JMeterThread: Thread finished: 项目变更管理-查看变更-项目计划变更变更单详情（1000）* 1-30
2025-02-19 00:35:21,043 WARN o.a.j.c.CriticalSectionController: Lock 'global_lock' not released in: 临界部分控制器, releasing in threadFinished
2025-02-19 00:35:22,063 INFO o.a.j.t.JMeterThread: Stopping because end time detected by thread: 项目变更管理-查看变更-项目计划变更变更单详情（1000）* 1-31
2025-02-19 00:35:22,063 INFO o.a.j.t.JMeterThread: Thread finished: 项目变更管理-查看变更-项目计划变更变更单详情（1000）* 1-31
2025-02-19 00:35:22,064 WARN o.a.j.c.CriticalSectionController: Lock 'global_lock' not released in: 临界部分控制器, releasing in threadFinished
2025-02-19 00:35:22,082 INFO o.a.j.t.JMeterThread: Stopping because end time detected by thread: 项目变更管理-查看变更-项目计划变更变更单详情（1000）* 1-32
2025-02-19 00:35:22,082 INFO o.a.j.t.JMeterThread: Thread finished: 项目变更管理-查看变更-项目计划变更变更单详情（1000）* 1-32
2025-02-19 00:35:22,083 WARN o.a.j.c.CriticalSectionController: Lock 'global_lock' not released in: 临界部分控制器, releasing in threadFinished
2025-02-19 00:35:22,106 INFO o.a.j.t.JMeterThread: Stopping because end time detected by thread: 项目变更管理-查看变更-项目计划变更变更单详情（1000）* 1-33
2025-02-19 00:35:22,106 INFO o.a.j.t.JMeterThread: Thread finished: 项目变更管理-查看变更-项目计划变更变更单详情（1000）* 1-33
2025-02-19 00:35:22,106 WARN o.a.j.c.CriticalSectionController: Lock 'global_lock' not released in: 临界部分控制器, releasing in threadFinished
2025-02-19 00:35:22,125 INFO o.a.j.t.JMeterThread: Stopping because end time detected by thread: 项目变更管理-查看变更-项目计划变更变更单详情（1000）* 1-34
2025-02-19 00:35:22,125 INFO o.a.j.t.JMeterThread: Thread finished: 项目变更管理-查看变更-项目计划变更变更单详情（1000）* 1-34
2025-02-19 00:35:22,125 WARN o.a.j.c.CriticalSectionController: Lock 'global_lock' not released in: 临界部分控制器, releasing in threadFinished
2025-02-19 00:35:22,143 INFO o.a.j.t.JMeterThread: Stopping because end time detected by thread: 项目变更管理-查看变更-项目计划变更变更单详情（1000）* 1-35
2025-02-19 00:35:22,143 INFO o.a.j.t.JMeterThread: Thread finished: 项目变更管理-查看变更-项目计划变更变更单详情（1000）* 1-35
2025-02-19 00:35:22,143 WARN o.a.j.c.CriticalSectionController: Lock 'global_lock' not released in: 临界部分控制器, releasing in threadFinished
2025-02-19 00:35:23,224 INFO o.a.j.t.JMeterThread: Stopping because end time detected by thread: 项目变更管理-查看变更-项目计划变更变更单详情（1000）* 1-36
2025-02-19 00:35:23,224 INFO o.a.j.t.JMeterThread: Thread finished: 项目变更管理-查看变更-项目计划变更变更单详情（1000）* 1-36
2025-02-19 00:35:23,224 WARN o.a.j.c.CriticalSectionController: Lock 'global_lock' not released in: 临界部分控制器, releasing in threadFinished
2025-02-19 00:35:23,243 INFO o.a.j.t.JMeterThread: Stopping because end time detected by thread: 项目变更管理-查看变更-项目计划变更变更单详情（1000）* 1-37
2025-02-19 00:35:23,243 INFO o.a.j.t.JMeterThread: Thread finished: 项目变更管理-查看变更-项目计划变更变更单详情（1000）* 1-37
2025-02-19 00:35:23,243 WARN o.a.j.c.CriticalSectionController: Lock 'global_lock' not released in: 临界部分控制器, releasing in threadFinished
2025-02-19 00:35:23,258 INFO o.a.j.t.JMeterThread: Stopping because end time detected by thread: 项目变更管理-查看变更-项目计划变更变更单详情（1000）* 1-38
2025-02-19 00:35:23,258 INFO o.a.j.t.JMeterThread: Thread finished: 项目变更管理-查看变更-项目计划变更变更单详情（1000）* 1-38
2025-02-19 00:35:23,259 WARN o.a.j.c.CriticalSectionController: Lock 'global_lock' not released in: 临界部分控制器, releasing in threadFinished
2025-02-19 00:35:23,279 INFO o.a.j.t.JMeterThread: Stopping because end time detected by thread: 项目变更管理-查看变更-项目计划变更变更单详情（1000）* 1-39
2025-02-19 00:35:23,279 INFO o.a.j.t.JMeterThread: Thread finished: 项目变更管理-查看变更-项目计划变更变更单详情（1000）* 1-39
2025-02-19 00:35:23,279 WARN o.a.j.c.CriticalSectionController: Lock 'global_lock' not released in: 临界部分控制器, releasing in threadFinished
2025-02-19 00:35:23,301 INFO o.a.j.t.JMeterThread: Stopping because end time detected by thread: 项目变更管理-查看变更-项目计划变更变更单详情（1000）* 1-40
2025-02-19 00:35:23,301 INFO o.a.j.t.JMeterThread: Thread finished: 项目变更管理-查看变更-项目计划变更变更单详情（1000）* 1-40
2025-02-19 00:35:23,301 WARN o.a.j.c.CriticalSectionController: Lock 'global_lock' not released in: 临界部分控制器, releasing in threadFinished
2025-02-19 00:35:23,916 INFO o.a.j.t.JMeterThread: Stopping because end time detected by thread: 项目变更管理-查看变更-项目计划变更变更单详情（1000）* 1-41
2025-02-19 00:35:23,916 INFO o.a.j.t.JMeterThread: Thread finished: 项目变更管理-查看变更-项目计划变更变更单详情（1000）* 1-41
2025-02-19 00:35:23,916 WARN o.a.j.c.CriticalSectionController: Lock 'global_lock' not released in: 临界部分控制器, releasing in threadFinished
2025-02-19 00:35:23,936 INFO o.a.j.t.JMeterThread: Stopping because end time detected by thread: 项目变更管理-查看变更-项目计划变更变更单详情（1000）* 1-42
2025-02-19 00:35:23,937 INFO o.a.j.t.JMeterThread: Thread finished: 项目变更管理-查看变更-项目计划变更变更单详情（1000）* 1-42
2025-02-19 00:35:23,937 WARN o.a.j.c.CriticalSectionController: Lock 'global_lock' not released in: 临界部分控制器, releasing in threadFinished
2025-02-19 00:35:23,956 INFO o.a.j.t.JMeterThread: Stopping because end time detected by thread: 项目变更管理-查看变更-项目计划变更变更单详情（1000）* 1-43
2025-02-19 00:35:23,956 INFO o.a.j.t.JMeterThread: Thread finished: 项目变更管理-查看变更-项目计划变更变更单详情（1000）* 1-43
2025-02-19 00:35:23,956 WARN o.a.j.c.CriticalSectionController: Lock 'global_lock' not released in: 临界部分控制器, releasing in threadFinished
2025-02-19 00:35:23,974 INFO o.a.j.t.JMeterThread: Stopping because end time detected by thread: 项目变更管理-查看变更-项目计划变更变更单详情（1000）* 1-44
2025-02-19 00:35:23,974 INFO o.a.j.t.JMeterThread: Thread finished: 项目变更管理-查看变更-项目计划变更变更单详情（1000）* 1-44
2025-02-19 00:35:23,974 WARN o.a.j.c.CriticalSectionController: Lock 'global_lock' not released in: 临界部分控制器, releasing in threadFinished
2025-02-19 00:35:23,999 INFO o.a.j.t.JMeterThread: Stopping because end time detected by thread: 项目变更管理-查看变更-项目计划变更变更单详情（1000）* 1-45
2025-02-19 00:35:23,999 INFO o.a.j.t.JMeterThread: Thread finished: 项目变更管理-查看变更-项目计划变更变更单详情（1000）* 1-45
2025-02-19 00:35:23,999 WARN o.a.j.c.CriticalSectionController: Lock 'global_lock' not released in: 临界部分控制器, releasing in threadFinished
2025-02-19 00:35:25,600 INFO o.a.j.t.JMeterThread: Stopping because end time detected by thread: 项目变更管理-查看变更-项目计划变更变更单详情（1000）* 1-46
2025-02-19 00:35:25,600 INFO o.a.j.t.JMeterThread: Thread finished: 项目变更管理-查看变更-项目计划变更变更单详情（1000）* 1-46
2025-02-19 00:35:25,600 WARN o.a.j.c.CriticalSectionController: Lock 'global_lock' not released in: 临界部分控制器, releasing in threadFinished
2025-02-19 00:35:25,620 INFO o.a.j.t.JMeterThread: Stopping because end time detected by thread: 项目变更管理-查看变更-项目计划变更变更单详情（1000）* 1-47
2025-02-19 00:35:25,620 INFO o.a.j.t.JMeterThread: Thread finished: 项目变更管理-查看变更-项目计划变更变更单详情（1000）* 1-47
2025-02-19 00:35:25,620 WARN o.a.j.c.CriticalSectionController: Lock 'global_lock' not released in: 临界部分控制器, releasing in threadFinished
2025-02-19 00:35:25,638 INFO o.a.j.t.JMeterThread: Stopping because end time detected by thread: 项目变更管理-查看变更-项目计划变更变更单详情（1000）* 1-48
2025-02-19 00:35:25,638 INFO o.a.j.t.JMeterThread: Thread finished: 项目变更管理-查看变更-项目计划变更变更单详情（1000）* 1-48
2025-02-19 00:35:25,638 WARN o.a.j.c.CriticalSectionController: Lock 'global_lock' not released in: 临界部分控制器, releasing in threadFinished
2025-02-19 00:35:25,655 INFO o.a.j.t.JMeterThread: Stopping because end time detected by thread: 项目变更管理-查看变更-项目计划变更变更单详情（1000）* 1-49
2025-02-19 00:35:25,655 INFO o.a.j.t.JMeterThread: Thread finished: 项目变更管理-查看变更-项目计划变更变更单详情（1000）* 1-49
2025-02-19 00:35:25,655 WARN o.a.j.c.CriticalSectionController: Lock 'global_lock' not released in: 临界部分控制器, releasing in threadFinished
2025-02-19 00:35:25,676 INFO o.a.j.t.JMeterThread: Stopping because end time detected by thread: 项目变更管理-查看变更-项目计划变更变更单详情（1000）* 1-50
2025-02-19 00:35:25,676 INFO o.a.j.t.JMeterThread: Thread finished: 项目变更管理-查看变更-项目计划变更变更单详情（1000）* 1-50
2025-02-19 00:35:25,676 WARN o.a.j.c.CriticalSectionController: Lock 'global_lock' not released in: 临界部分控制器, releasing in threadFinished
2025-02-19 00:35:25,932 INFO o.a.j.t.JMeterThread: Stopping because end time detected by thread: 项目变更管理-查看变更-项目计划变更变更单详情（1000）* 1-51
2025-02-19 00:35:25,932 INFO o.a.j.t.JMeterThread: Thread finished: 项目变更管理-查看变更-项目计划变更变更单详情（1000）* 1-51
2025-02-19 00:35:25,932 WARN o.a.j.c.CriticalSectionController: Lock 'global_lock' not released in: 临界部分控制器, releasing in threadFinished
2025-02-19 00:35:25,950 INFO o.a.j.t.JMeterThread: Stopping because end time detected by thread: 项目变更管理-查看变更-项目计划变更变更单详情（1000）* 1-52
2025-02-19 00:35:25,950 INFO o.a.j.t.JMeterThread: Thread finished: 项目变更管理-查看变更-项目计划变更变更单详情（1000）* 1-52
2025-02-19 00:35:25,950 WARN o.a.j.c.CriticalSectionController: Lock 'global_lock' not released in: 临界部分控制器, releasing in threadFinished
2025-02-19 00:35:25,967 INFO o.a.j.t.JMeterThread: Stopping because end time detected by thread: 项目变更管理-查看变更-项目计划变更变更单详情（1000）* 1-53
2025-02-19 00:35:25,967 INFO o.a.j.t.JMeterThread: Thread finished: 项目变更管理-查看变更-项目计划变更变更单详情（1000）* 1-53
2025-02-19 00:35:25,967 WARN o.a.j.c.CriticalSectionController: Lock 'global_lock' not released in: 临界部分控制器, releasing in threadFinished
2025-02-19 00:35:25,987 INFO o.a.j.t.JMeterThread: Stopping because end time detected by thread: 项目变更管理-查看变更-项目计划变更变更单详情（1000）* 1-54
2025-02-19 00:35:25,987 INFO o.a.j.t.JMeterThread: Thread finished: 项目变更管理-查看变更-项目计划变更变更单详情（1000）* 1-54
2025-02-19 00:35:25,987 WARN o.a.j.c.CriticalSectionController: Lock 'global_lock' not released in: 临界部分控制器, releasing in threadFinished
2025-02-19 00:35:26,005 INFO o.a.j.t.JMeterThread: Stopping because end time detected by thread: 项目变更管理-查看变更-项目计划变更变更单详情（1000）* 1-55
2025-02-19 00:35:26,005 INFO o.a.j.t.JMeterThread: Thread finished: 项目变更管理-查看变更-项目计划变更变更单详情（1000）* 1-55
2025-02-19 00:35:26,005 WARN o.a.j.c.CriticalSectionController: Lock 'global_lock' not released in: 临界部分控制器, releasing in threadFinished
2025-02-19 00:35:27,719 INFO o.a.j.t.JMeterThread: Stopping because end time detected by thread: 项目变更管理-查看变更-项目计划变更变更单详情（1000）* 1-56
2025-02-19 00:35:27,719 INFO o.a.j.t.JMeterThread: Thread finished: 项目变更管理-查看变更-项目计划变更变更单详情（1000）* 1-56
2025-02-19 00:35:27,719 WARN o.a.j.c.CriticalSectionController: Lock 'global_lock' not released in: 临界部分控制器, releasing in threadFinished
2025-02-19 00:35:28,741 INFO o.a.j.t.JMeterThread: Stopping because end time detected by thread: 项目变更管理-查看变更-项目计划变更变更单详情（1000）* 1-57
2025-02-19 00:35:28,742 INFO o.a.j.t.JMeterThread: Thread finished: 项目变更管理-查看变更-项目计划变更变更单详情（1000）* 1-57
2025-02-19 00:35:28,742 WARN o.a.j.c.CriticalSectionController: Lock 'global_lock' not released in: 临界部分控制器, releasing in threadFinished
2025-02-19 00:35:28,759 INFO o.a.j.t.JMeterThread: Stopping because end time detected by thread: 项目变更管理-查看变更-项目计划变更变更单详情（1000）* 1-58
2025-02-19 00:35:28,759 INFO o.a.j.t.JMeterThread: Thread finished: 项目变更管理-查看变更-项目计划变更变更单详情（1000）* 1-58
2025-02-19 00:35:28,759 WARN o.a.j.c.CriticalSectionController: Lock 'global_lock' not released in: 临界部分控制器, releasing in threadFinished
2025-02-19 00:35:28,780 INFO o.a.j.t.JMeterThread: Stopping because end time detected by thread: 项目变更管理-查看变更-项目计划变更变更单详情（1000）* 1-59
2025-02-19 00:35:28,780 INFO o.a.j.t.JMeterThread: Thread finished: 项目变更管理-查看变更-项目计划变更变更单详情（1000）* 1-59
2025-02-19 00:35:28,781 WARN o.a.j.c.CriticalSectionController: Lock 'global_lock' not released in: 临界部分控制器, releasing in threadFinished
2025-02-19 00:35:28,800 INFO o.a.j.t.JMeterThread: Stopping because end time detected by thread: 项目变更管理-查看变更-项目计划变更变更单详情（1000）* 1-60
2025-02-19 00:35:28,800 INFO o.a.j.t.JMeterThread: Thread finished: 项目变更管理-查看变更-项目计划变更变更单详情（1000）* 1-60
2025-02-19 00:35:28,800 WARN o.a.j.c.CriticalSectionController: Lock 'global_lock' not released in: 临界部分控制器, releasing in threadFinished
2025-02-19 00:35:28,817 INFO o.a.j.t.JMeterThread: Stopping because end time detected by thread: 项目变更管理-查看变更-项目计划变更变更单详情（1000）* 1-61
2025-02-19 00:35:28,818 INFO o.a.j.t.JMeterThread: Thread finished: 项目变更管理-查看变更-项目计划变更变更单详情（1000）* 1-61
2025-02-19 00:35:28,818 WARN o.a.j.c.CriticalSectionController: Lock 'global_lock' not released in: 临界部分控制器, releasing in threadFinished
2025-02-19 00:35:28,837 INFO o.a.j.t.JMeterThread: Stopping because end time detected by thread: 项目变更管理-查看变更-项目计划变更变更单详情（1000）* 1-62
2025-02-19 00:35:28,837 INFO o.a.j.t.JMeterThread: Thread finished: 项目变更管理-查看变更-项目计划变更变更单详情（1000）* 1-62
2025-02-19 00:35:28,837 WARN o.a.j.c.CriticalSectionController: Lock 'global_lock' not released in: 临界部分控制器, releasing in threadFinished
2025-02-19 00:35:28,856 INFO o.a.j.t.JMeterThread: Stopping because end time detected by thread: 项目变更管理-查看变更-项目计划变更变更单详情（1000）* 1-63
2025-02-19 00:35:28,856 INFO o.a.j.t.JMeterThread: Thread finished: 项目变更管理-查看变更-项目计划变更变更单详情（1000）* 1-63
2025-02-19 00:35:28,856 WARN o.a.j.c.CriticalSectionController: Lock 'global_lock' not released in: 临界部分控制器, releasing in threadFinished
2025-02-19 00:35:28,874 INFO o.a.j.t.JMeterThread: Stopping because end time detected by thread: 项目变更管理-查看变更-项目计划变更变更单详情（1000）* 1-64
2025-02-19 00:35:28,875 INFO o.a.j.t.JMeterThread: Thread finished: 项目变更管理-查看变更-项目计划变更变更单详情（1000）* 1-64
2025-02-19 00:35:28,875 WARN o.a.j.c.CriticalSectionController: Lock 'global_lock' not released in: 临界部分控制器, releasing in threadFinished
2025-02-19 00:35:28,892 INFO o.a.j.t.JMeterThread: Stopping because end time detected by thread: 项目变更管理-查看变更-项目计划变更变更单详情（1000）* 1-65
2025-02-19 00:35:28,892 INFO o.a.j.t.JMeterThread: Thread finished: 项目变更管理-查看变更-项目计划变更变更单详情（1000）* 1-65
2025-02-19 00:35:28,892 WARN o.a.j.c.CriticalSectionController: Lock 'global_lock' not released in: 临界部分控制器, releasing in threadFinished
2025-02-19 00:35:28,930 INFO o.a.j.t.JMeterThread: Stopping because end time detected by thread: 项目变更管理-查看变更-项目计划变更变更单详情（1000）* 1-66
2025-02-19 00:35:28,931 INFO o.a.j.t.JMeterThread: Thread finished: 项目变更管理-查看变更-项目计划变更变更单详情（1000）* 1-66
2025-02-19 00:35:28,931 WARN o.a.j.c.CriticalSectionController: Lock 'global_lock' not released in: 临界部分控制器, releasing in threadFinished
2025-02-19 00:35:28,947 INFO o.a.j.t.JMeterThread: Stopping because end time detected by thread: 项目变更管理-查看变更-项目计划变更变更单详情（1000）* 1-67
2025-02-19 00:35:28,947 INFO o.a.j.t.JMeterThread: Thread finished: 项目变更管理-查看变更-项目计划变更变更单详情（1000）* 1-67
2025-02-19 00:35:28,947 WARN o.a.j.c.CriticalSectionController: Lock 'global_lock' not released in: 临界部分控制器, releasing in threadFinished
2025-02-19 00:35:28,972 INFO o.a.j.t.JMeterThread: Stopping because end time detected by thread: 项目变更管理-查看变更-项目计划变更变更单详情（1000）* 1-68
2025-02-19 00:35:28,972 INFO o.a.j.t.JMeterThread: Thread finished: 项目变更管理-查看变更-项目计划变更变更单详情（1000）* 1-68
2025-02-19 00:35:28,972 WARN o.a.j.c.CriticalSectionController: Lock 'global_lock' not released in: 临界部分控制器, releasing in threadFinished
2025-02-19 00:35:29,043 INFO o.a.j.t.JMeterThread: Stopping because end time detected by thread: 项目变更管理-查看变更-项目计划变更变更单详情（1000）* 1-69
2025-02-19 00:35:29,043 INFO o.a.j.t.JMeterThread: Thread finished: 项目变更管理-查看变更-项目计划变更变更单详情（1000）* 1-69
2025-02-19 00:35:29,043 WARN o.a.j.c.CriticalSectionController: Lock 'global_lock' not released in: 临界部分控制器, releasing in threadFinished
2025-02-19 00:35:29,076 INFO o.a.j.t.JMeterThread: Stopping because end time detected by thread: 项目变更管理-查看变更-项目计划变更变更单详情（1000）* 1-70
2025-02-19 00:35:29,076 INFO o.a.j.t.JMeterThread: Thread finished: 项目变更管理-查看变更-项目计划变更变更单详情（1000）* 1-70
2025-02-19 00:35:29,076 WARN o.a.j.c.CriticalSectionController: Lock 'global_lock' not released in: 临界部分控制器, releasing in threadFinished
2025-02-19 00:35:30,376 INFO o.a.j.r.Summariser: summary +    313 in 00:00:30 =   10.5/s Avg:    94 Min:     6 Max:  1684 Err:     1 (0.32%) Active: 30 Started: 100 Finished: 70
2025-02-19 00:35:30,377 INFO o.a.j.r.Summariser: summary =  16832 in 00:32:01 =    8.8/s Avg:   113 Min:     3 Max: 65577 Err:    20 (0.12%)
2025-02-19 00:35:30,377 INFO o.a.j.t.JMeterThread: Stopping because end time detected by thread: 项目变更管理-查看变更-项目计划变更变更单详情（1000）* 1-71
2025-02-19 00:35:30,377 INFO o.a.j.t.JMeterThread: Thread finished: 项目变更管理-查看变更-项目计划变更变更单详情（1000）* 1-71
2025-02-19 00:35:30,377 WARN o.a.j.c.CriticalSectionController: Lock 'global_lock' not released in: 临界部分控制器, releasing in threadFinished
2025-02-19 00:35:30,437 INFO o.a.j.t.JMeterThread: Stopping because end time detected by thread: 项目变更管理-查看变更-项目计划变更变更单详情（1000）* 1-72
2025-02-19 00:35:30,437 INFO o.a.j.t.JMeterThread: Thread finished: 项目变更管理-查看变更-项目计划变更变更单详情（1000）* 1-72
2025-02-19 00:35:30,437 WARN o.a.j.c.CriticalSectionController: Lock 'global_lock' not released in: 临界部分控制器, releasing in threadFinished
2025-02-19 00:35:30,458 INFO o.a.j.t.JMeterThread: Stopping because end time detected by thread: 项目变更管理-查看变更-项目计划变更变更单详情（1000）* 1-73
2025-02-19 00:35:30,458 INFO o.a.j.t.JMeterThread: Thread finished: 项目变更管理-查看变更-项目计划变更变更单详情（1000）* 1-73
2025-02-19 00:35:30,458 WARN o.a.j.c.CriticalSectionController: Lock 'global_lock' not released in: 临界部分控制器, releasing in threadFinished
2025-02-19 00:35:30,474 INFO o.a.j.t.JMeterThread: Stopping because end time detected by thread: 项目变更管理-查看变更-项目计划变更变更单详情（1000）* 1-74
2025-02-19 00:35:30,474 INFO o.a.j.t.JMeterThread: Thread finished: 项目变更管理-查看变更-项目计划变更变更单详情（1000）* 1-74
2025-02-19 00:35:30,474 WARN o.a.j.c.CriticalSectionController: Lock 'global_lock' not released in: 临界部分控制器, releasing in threadFinished
2025-02-19 00:35:30,489 INFO o.a.j.t.JMeterThread: Stopping because end time detected by thread: 项目变更管理-查看变更-项目计划变更变更单详情（1000）* 1-75
2025-02-19 00:35:30,489 INFO o.a.j.t.JMeterThread: Thread finished: 项目变更管理-查看变更-项目计划变更变更单详情（1000）* 1-75
2025-02-19 00:35:30,489 WARN o.a.j.c.CriticalSectionController: Lock 'global_lock' not released in: 临界部分控制器, releasing in threadFinished
2025-02-19 00:35:30,896 INFO o.a.j.t.JMeterThread: Stopping because end time detected by thread: 项目变更管理-查看变更-项目计划变更变更单详情（1000）* 1-76
2025-02-19 00:35:30,896 INFO o.a.j.t.JMeterThread: Thread finished: 项目变更管理-查看变更-项目计划变更变更单详情（1000）* 1-76
2025-02-19 00:35:30,896 WARN o.a.j.c.CriticalSectionController: Lock 'global_lock' not released in: 临界部分控制器, releasing in threadFinished
2025-02-19 00:35:30,934 INFO o.a.j.t.JMeterThread: Stopping because end time detected by thread: 项目变更管理-查看变更-项目计划变更变更单详情（1000）* 1-77
2025-02-19 00:35:30,934 INFO o.a.j.t.JMeterThread: Thread finished: 项目变更管理-查看变更-项目计划变更变更单详情（1000）* 1-77
2025-02-19 00:35:30,934 WARN o.a.j.c.CriticalSectionController: Lock 'global_lock' not released in: 临界部分控制器, releasing in threadFinished
2025-02-19 00:35:30,951 INFO o.a.j.t.JMeterThread: Stopping because end time detected by thread: 项目变更管理-查看变更-项目计划变更变更单详情（1000）* 1-78
2025-02-19 00:35:30,952 INFO o.a.j.t.JMeterThread: Thread finished: 项目变更管理-查看变更-项目计划变更变更单详情（1000）* 1-78
2025-02-19 00:35:30,952 WARN o.a.j.c.CriticalSectionController: Lock 'global_lock' not released in: 临界部分控制器, releasing in threadFinished
2025-02-19 00:35:30,968 INFO o.a.j.t.JMeterThread: Stopping because end time detected by thread: 项目变更管理-查看变更-项目计划变更变更单详情（1000）* 1-79
2025-02-19 00:35:30,968 INFO o.a.j.t.JMeterThread: Thread finished: 项目变更管理-查看变更-项目计划变更变更单详情（1000）* 1-79
2025-02-19 00:35:30,968 WARN o.a.j.c.CriticalSectionController: Lock 'global_lock' not released in: 临界部分控制器, releasing in threadFinished
2025-02-19 00:35:30,984 INFO o.a.j.t.JMeterThread: Stopping because end time detected by thread: 项目变更管理-查看变更-项目计划变更变更单详情（1000）* 1-80
2025-02-19 00:35:30,984 INFO o.a.j.t.JMeterThread: Thread finished: 项目变更管理-查看变更-项目计划变更变更单详情（1000）* 1-80
2025-02-19 00:35:30,984 WARN o.a.j.c.CriticalSectionController: Lock 'global_lock' not released in: 临界部分控制器, releasing in threadFinished
2025-02-19 00:35:31,911 INFO o.a.j.t.JMeterThread: Stopping because end time detected by thread: 项目变更管理-查看变更-项目计划变更变更单详情（1000）* 1-81
2025-02-19 00:35:31,911 INFO o.a.j.t.JMeterThread: Thread finished: 项目变更管理-查看变更-项目计划变更变更单详情（1000）* 1-81
2025-02-19 00:35:31,911 WARN o.a.j.c.CriticalSectionController: Lock 'global_lock' not released in: 临界部分控制器, releasing in threadFinished
2025-02-19 00:35:31,929 INFO o.a.j.t.JMeterThread: Stopping because end time detected by thread: 项目变更管理-查看变更-项目计划变更变更单详情（1000）* 1-82
2025-02-19 00:35:31,929 INFO o.a.j.t.JMeterThread: Thread finished: 项目变更管理-查看变更-项目计划变更变更单详情（1000）* 1-82
2025-02-19 00:35:31,929 WARN o.a.j.c.CriticalSectionController: Lock 'global_lock' not released in: 临界部分控制器, releasing in threadFinished
2025-02-19 00:35:31,953 INFO o.a.j.t.JMeterThread: Stopping because end time detected by thread: 项目变更管理-查看变更-项目计划变更变更单详情（1000）* 1-83
2025-02-19 00:35:31,953 INFO o.a.j.t.JMeterThread: Thread finished: 项目变更管理-查看变更-项目计划变更变更单详情（1000）* 1-83
2025-02-19 00:35:31,953 WARN o.a.j.c.CriticalSectionController: Lock 'global_lock' not released in: 临界部分控制器, releasing in threadFinished
2025-02-19 00:35:31,968 INFO o.a.j.t.JMeterThread: Stopping because end time detected by thread: 项目变更管理-查看变更-项目计划变更变更单详情（1000）* 1-84
2025-02-19 00:35:31,968 INFO o.a.j.t.JMeterThread: Thread finished: 项目变更管理-查看变更-项目计划变更变更单详情（1000）* 1-84
2025-02-19 00:35:31,968 WARN o.a.j.c.CriticalSectionController: Lock 'global_lock' not released in: 临界部分控制器, releasing in threadFinished
2025-02-19 00:35:31,987 INFO o.a.j.t.JMeterThread: Stopping because end time detected by thread: 项目变更管理-查看变更-项目计划变更变更单详情（1000）* 1-85
2025-02-19 00:35:31,988 INFO o.a.j.t.JMeterThread: Thread finished: 项目变更管理-查看变更-项目计划变更变更单详情（1000）* 1-85
2025-02-19 00:35:31,988 WARN o.a.j.c.CriticalSectionController: Lock 'global_lock' not released in: 临界部分控制器, releasing in threadFinished
2025-02-19 00:35:34,036 INFO o.a.j.t.JMeterThread: Stopping because end time detected by thread: 项目变更管理-查看变更-项目计划变更变更单详情（1000）* 1-86
2025-02-19 00:35:34,036 INFO o.a.j.t.JMeterThread: Thread finished: 项目变更管理-查看变更-项目计划变更变更单详情（1000）* 1-86
2025-02-19 00:35:34,036 WARN o.a.j.c.CriticalSectionController: Lock 'global_lock' not released in: 临界部分控制器, releasing in threadFinished
2025-02-19 00:35:34,051 INFO o.a.j.t.JMeterThread: Stopping because end time detected by thread: 项目变更管理-查看变更-项目计划变更变更单详情（1000）* 1-87
2025-02-19 00:35:34,052 INFO o.a.j.t.JMeterThread: Thread finished: 项目变更管理-查看变更-项目计划变更变更单详情（1000）* 1-87
2025-02-19 00:35:34,052 WARN o.a.j.c.CriticalSectionController: Lock 'global_lock' not released in: 临界部分控制器, releasing in threadFinished
2025-02-19 00:35:34,068 INFO o.a.j.t.JMeterThread: Stopping because end time detected by thread: 项目变更管理-查看变更-项目计划变更变更单详情（1000）* 1-88
2025-02-19 00:35:34,068 INFO o.a.j.t.JMeterThread: Thread finished: 项目变更管理-查看变更-项目计划变更变更单详情（1000）* 1-88
2025-02-19 00:35:34,068 WARN o.a.j.c.CriticalSectionController: Lock 'global_lock' not released in: 临界部分控制器, releasing in threadFinished
2025-02-19 00:35:34,083 INFO o.a.j.t.JMeterThread: Stopping because end time detected by thread: 项目变更管理-查看变更-项目计划变更变更单详情（1000）* 1-89
2025-02-19 00:35:34,083 INFO o.a.j.t.JMeterThread: Thread finished: 项目变更管理-查看变更-项目计划变更变更单详情（1000）* 1-89
2025-02-19 00:35:34,083 WARN o.a.j.c.CriticalSectionController: Lock 'global_lock' not released in: 临界部分控制器, releasing in threadFinished
2025-02-19 00:35:34,100 INFO o.a.j.t.JMeterThread: Stopping because end time detected by thread: 项目变更管理-查看变更-项目计划变更变更单详情（1000）* 1-90
2025-02-19 00:35:34,100 INFO o.a.j.t.JMeterThread: Thread finished: 项目变更管理-查看变更-项目计划变更变更单详情（1000）* 1-90
2025-02-19 00:35:34,100 WARN o.a.j.c.CriticalSectionController: Lock 'global_lock' not released in: 临界部分控制器, releasing in threadFinished
2025-02-19 00:35:35,121 INFO o.a.j.t.JMeterThread: Stopping because end time detected by thread: 项目变更管理-查看变更-项目计划变更变更单详情（1000）* 1-91
2025-02-19 00:35:35,121 INFO o.a.j.t.JMeterThread: Thread finished: 项目变更管理-查看变更-项目计划变更变更单详情（1000）* 1-91
2025-02-19 00:35:35,121 WARN o.a.j.c.CriticalSectionController: Lock 'global_lock' not released in: 临界部分控制器, releasing in threadFinished
2025-02-19 00:35:35,137 INFO o.a.j.t.JMeterThread: Stopping because end time detected by thread: 项目变更管理-查看变更-项目计划变更变更单详情（1000）* 1-92
2025-02-19 00:35:35,137 INFO o.a.j.t.JMeterThread: Thread finished: 项目变更管理-查看变更-项目计划变更变更单详情（1000）* 1-92
2025-02-19 00:35:35,137 WARN o.a.j.c.CriticalSectionController: Lock 'global_lock' not released in: 临界部分控制器, releasing in threadFinished
2025-02-19 00:35:35,154 INFO o.a.j.t.JMeterThread: Stopping because end time detected by thread: 项目变更管理-查看变更-项目计划变更变更单详情（1000）* 1-93
2025-02-19 00:35:35,155 INFO o.a.j.t.JMeterThread: Thread finished: 项目变更管理-查看变更-项目计划变更变更单详情（1000）* 1-93
2025-02-19 00:35:35,155 WARN o.a.j.c.CriticalSectionController: Lock 'global_lock' not released in: 临界部分控制器, releasing in threadFinished
2025-02-19 00:35:35,170 INFO o.a.j.t.JMeterThread: Stopping because end time detected by thread: 项目变更管理-查看变更-项目计划变更变更单详情（1000）* 1-94
2025-02-19 00:35:35,170 INFO o.a.j.t.JMeterThread: Thread finished: 项目变更管理-查看变更-项目计划变更变更单详情（1000）* 1-94
2025-02-19 00:35:35,170 WARN o.a.j.c.CriticalSectionController: Lock 'global_lock' not released in: 临界部分控制器, releasing in threadFinished
2025-02-19 00:35:36,188 INFO o.a.j.t.JMeterThread: Stopping because end time detected by thread: 项目变更管理-查看变更-项目计划变更变更单详情（1000）* 1-95
2025-02-19 00:35:36,188 INFO o.a.j.t.JMeterThread: Thread finished: 项目变更管理-查看变更-项目计划变更变更单详情（1000）* 1-95
2025-02-19 00:35:36,188 WARN o.a.j.c.CriticalSectionController: Lock 'global_lock' not released in: 临界部分控制器, releasing in threadFinished
2025-02-19 00:35:36,202 INFO o.a.j.t.JMeterThread: Stopping because end time detected by thread: 项目变更管理-查看变更-项目计划变更变更单详情（1000）* 1-96
2025-02-19 00:35:36,203 INFO o.a.j.t.JMeterThread: Thread finished: 项目变更管理-查看变更-项目计划变更变更单详情（1000）* 1-96
2025-02-19 00:35:36,203 WARN o.a.j.c.CriticalSectionController: Lock 'global_lock' not released in: 临界部分控制器, releasing in threadFinished
2025-02-19 00:35:36,219 INFO o.a.j.t.JMeterThread: Stopping because end time detected by thread: 项目变更管理-查看变更-项目计划变更变更单详情（1000）* 1-97
2025-02-19 00:35:36,219 INFO o.a.j.t.JMeterThread: Thread finished: 项目变更管理-查看变更-项目计划变更变更单详情（1000）* 1-97
2025-02-19 00:35:36,219 WARN o.a.j.c.CriticalSectionController: Lock 'global_lock' not released in: 临界部分控制器, releasing in threadFinished
2025-02-19 00:35:36,236 INFO o.a.j.t.JMeterThread: Stopping because end time detected by thread: 项目变更管理-查看变更-项目计划变更变更单详情（1000）* 1-98
2025-02-19 00:35:36,236 INFO o.a.j.t.JMeterThread: Thread finished: 项目变更管理-查看变更-项目计划变更变更单详情（1000）* 1-98
2025-02-19 00:35:36,236 WARN o.a.j.c.CriticalSectionController: Lock 'global_lock' not released in: 临界部分控制器, releasing in threadFinished
2025-02-19 00:35:36,251 INFO o.a.j.t.JMeterThread: Stopping because end time detected by thread: 项目变更管理-查看变更-项目计划变更变更单详情（1000）* 1-99
2025-02-19 00:35:36,251 INFO o.a.j.t.JMeterThread: Thread finished: 项目变更管理-查看变更-项目计划变更变更单详情（1000）* 1-99
2025-02-19 00:35:36,251 WARN o.a.j.c.CriticalSectionController: Lock 'global_lock' not released in: 临界部分控制器, releasing in threadFinished
2025-02-19 00:35:36,272 INFO o.a.j.t.JMeterThread: Stopping because end time detected by thread: 项目变更管理-查看变更-项目计划变更变更单详情（1000）* 1-100
2025-02-19 00:35:36,272 INFO o.a.j.t.JMeterThread: Thread finished: 项目变更管理-查看变更-项目计划变更变更单详情（1000）* 1-100
2025-02-19 00:35:36,272 WARN o.a.j.c.CriticalSectionController: Lock 'global_lock' not released in: 临界部分控制器, releasing in threadFinished
2025-02-19 00:35:36,273 INFO o.a.j.e.StandardJMeterEngine: Starting tearDown thread groups
2025-02-19 00:35:36,273 INFO o.a.j.e.StandardJMeterEngine: Starting tearDown ThreadGroup: 1 : tearDown线程组
2025-02-19 00:35:36,273 INFO o.a.j.e.StandardJMeterEngine: Starting 1 threads for group tearDown线程组.
2025-02-19 00:35:36,273 INFO o.a.j.e.StandardJMeterEngine: Thread will continue on error
2025-02-19 00:35:36,273 INFO o.a.j.t.ThreadGroup: Starting thread group... number=1 threads=1 ramp-up=1 delayedStart=false
2025-02-19 00:35:36,274 INFO o.a.j.t.ThreadGroup: Started thread group number 1
2025-02-19 00:35:36,275 INFO o.a.j.t.JMeterThread: Thread started: tearDown线程组 1-1
2025-02-19 00:35:36,277 INFO o.a.j.t.JMeterThread: Thread is done: tearDown线程组 1-1
2025-02-19 00:35:36,277 INFO o.a.j.t.JMeterThread: Thread finished: tearDown线程组 1-1
2025-02-19 00:35:36,277 INFO o.a.j.e.StandardJMeterEngine: Notifying test listeners of end of test
2025-02-19 00:35:36,277 INFO o.a.j.s.FileServer: Close: /code/apache-jmeter-5.1.1/bin/../../data/test.txt
2025-02-19 00:35:36,278 INFO o.a.j.r.Summariser: summary +     45 in 00:00:06 =    7.6/s Avg:   129 Min:     1 Max:  1953 Err:     1 (2.22%) Active: 0 Started: 1 Finished: 1
2025-02-19 00:35:36,278 INFO o.a.j.r.Summariser: summary =  16877 in 00:32:07 =    8.8/s Avg:   113 Min:     1 Max: 65577 Err:    21 (0.12%)
